Using pre-set license
Built from '2022.3/staging' branch; Version is '2022.3.23f1 (dbb3f7c5b5c6) revision 14398455'; Using compiler version '192829333'; Build Type 'Release'
OS: 'Windows 10  (10.0.19045) 64bit CoreSingleLanguage' Language: 'es' Physical Memory: 15781 MB
BatchMode: 1, IsHumanControllingUs: 0, StartBugReporterOnCrash: 0, Is64bit: 1, IsPro: 1

COMMAND LINE ARGUMENTS:
C:\Program Files\Unity 2022.3.23f1\Editor\Unity.exe
-adb2
-batchMode
-noUpm
-name
AssetImportWorker7
-projectPath
C:/Users/Cheee/OneDrive/Documentos/GitHub/SemiSimulador/FishingSimulator
-logFile
Logs/AssetImportWorker7.log
-srvPort
60606
Successfully changed project path to: C:/Users/Cheee/OneDrive/Documentos/GitHub/SemiSimulador/FishingSimulator
C:/Users/Cheee/OneDrive/Documentos/GitHub/SemiSimulador/FishingSimulator
[UnityMemory] Configuration Parameters - Can be set up in boot.config
    "memorysetup-bucket-allocator-granularity=16"
    "memorysetup-bucket-allocator-bucket-count=8"
    "memorysetup-bucket-allocator-block-size=33554432"
    "memorysetup-bucket-allocator-block-count=8"
    "memorysetup-main-allocator-block-size=16777216"
    "memorysetup-thread-allocator-block-size=16777216"
    "memorysetup-gfx-main-allocator-block-size=16777216"
    "memorysetup-gfx-thread-allocator-block-size=16777216"
    "memorysetup-cache-allocator-block-size=4194304"
    "memorysetup-typetree-allocator-block-size=2097152"
    "memorysetup-profiler-bucket-allocator-granularity=16"
    "memorysetup-profiler-bucket-allocator-bucket-count=8"
    "memorysetup-profiler-bucket-allocator-block-size=33554432"
    "memorysetup-profiler-bucket-allocator-block-count=8"
    "memorysetup-profiler-allocator-block-size=16777216"
    "memorysetup-profiler-editor-allocator-block-size=1048576"
    "memorysetup-temp-allocator-size-main=16777216"
    "memorysetup-job-temp-allocator-block-size=2097152"
    "memorysetup-job-temp-allocator-block-size-background=1048576"
    "memorysetup-job-temp-allocator-reduction-small-platforms=262144"
    "memorysetup-allocator-temp-initial-block-size-main=262144"
    "memorysetup-allocator-temp-initial-block-size-worker=262144"
    "memorysetup-temp-allocator-size-background-worker=32768"
    "memorysetup-temp-allocator-size-job-worker=262144"
    "memorysetup-temp-allocator-size-preload-manager=33554432"
    "memorysetup-temp-allocator-size-nav-mesh-worker=65536"
    "memorysetup-temp-allocator-size-audio-worker=65536"
    "memorysetup-temp-allocator-size-cloud-worker=32768"
    "memorysetup-temp-allocator-size-gi-baking-worker=262144"
    "memorysetup-temp-allocator-size-gfx=262144"
Player connection [23520] Host "[IP] 192.168.0.13 [Port] 0 [Flags] 2 [Guid] 4145261645 [EditorId] 4145261645 [Version] 1048832 [Id] WindowsEditor(7,DESKTOP-3OIPDIC) [Debug] 1 [PackageName] WindowsEditor [ProjectName] Editor" joined multi-casting on [225.0.0.222:54997]...

Player connection [23520] Host "[IP] 192.168.0.13 [Port] 0 [Flags] 2 [Guid] 4145261645 [EditorId] 4145261645 [Version] 1048832 [Id] WindowsEditor(7,DESKTOP-3OIPDIC) [Debug] 1 [PackageName] WindowsEditor [ProjectName] Editor" joined alternative multi-casting on [225.0.0.222:34997]...

[Physics::Module] Initialized MultithreadedJobDispatcher with 11 workers.
Refreshing native plugins compatible for Editor in 24.04 ms, found 3 plugins.
Preloading 0 native plugins for Editor in 0.00 ms.
Initialize engine version: 2022.3.23f1 (dbb3f7c5b5c6)
[Subsystems] Discovering subsystems at path C:/Program Files/Unity 2022.3.23f1/Editor/Data/Resources/UnitySubsystems
[Subsystems] Discovering subsystems at path C:/Users/Cheee/OneDrive/Documentos/GitHub/SemiSimulador/FishingSimulator/Assets
GfxDevice: creating device client; threaded=0; jobified=0
Direct3D:
    Version:  Direct3D 11.0 [level 11.1]
    Renderer: AMD Radeon(TM) Graphics (ID=0x1638)
    Vendor:   ATI
    VRAM:     7890 MB
    Driver:   31.0.21912.14
Initialize mono
Mono path[0] = 'C:/Program Files/Unity 2022.3.23f1/Editor/Data/Managed'
Mono path[1] = 'C:/Program Files/Unity 2022.3.23f1/Editor/Data/MonoBleedingEdge/lib/mono/unityjit-win32'
Mono config path = 'C:/Program Files/Unity 2022.3.23f1/Editor/Data/MonoBleedingEdge/etc'
Using monoOptions --debugger-agent=transport=dt_socket,embedding=1,server=y,suspend=n,address=127.0.0.1:56168
Begin MonoManager ReloadAssembly
Registering precompiled unity dll's ...
Register platform support module: C:/Program Files/Unity 2022.3.23f1/Editor/Data/PlaybackEngines/WindowsStandaloneSupport/UnityEditor.WindowsStandalone.Extensions.dll
Registered in 0.012133 seconds.
- Loaded All Assemblies, in  0.837 seconds
Native extension for WindowsStandalone target not found
Mono: successfully reloaded assembly
- Finished resetting the current domain, in  0.667 seconds
Domain Reload Profiling: 1500ms
	BeginReloadAssembly (296ms)
		ExecutionOrderSort (0ms)
		DisableScriptedObjects (0ms)
		BackupInstance (0ms)
		ReleaseScriptingObjects (0ms)
		CreateAndSetChildDomain (2ms)
	RebuildCommonClasses (91ms)
	RebuildNativeTypeToScriptingClass (23ms)
	initialDomainReloadingComplete (140ms)
	LoadAllAssembliesAndSetupDomain (283ms)
		LoadAssemblies (284ms)
		RebuildTransferFunctionScriptingTraits (0ms)
		AnalyzeDomain (280ms)
			TypeCache.Refresh (276ms)
				TypeCache.ScanAssembly (245ms)
			ScanForSourceGeneratedMonoScriptInfo (1ms)
			ResolveRequiredComponents (1ms)
	FinalizeReload (668ms)
		ReleaseScriptCaches (0ms)
		RebuildScriptCaches (0ms)
		SetupLoadedEditorAssemblies (547ms)
			LogAssemblyErrors (0ms)
			InitializePlatformSupportModulesInManaged (84ms)
			SetLoadedEditorAssemblies (33ms)
			RefreshPlugins (0ms)
			BeforeProcessingInitializeOnLoad (4ms)
			ProcessInitializeOnLoadAttributes (325ms)
			ProcessInitializeOnLoadMethodAttributes (101ms)
			AfterProcessingInitializeOnLoad (0ms)
			EditorAssembliesLoaded (0ms)
		ExecutionOrderSort2 (0ms)
		AwakeInstancesAfterBackupRestoration (0ms)
========================================================================
Worker process is ready to serve import requests
Begin MonoManager ReloadAssembly
- Loaded All Assemblies, in  3.003 seconds
Refreshing native plugins compatible for Editor in 9.23 ms, found 3 plugins.
Native extension for WindowsStandalone target not found
Package Manager log level set to [2]
[Package Manager] Server::EnsureServerProcessIsRunning -- launch failed, reason: Unity was launched with the -noUpm command-line argument
[Package Manager] UpmClient::Send -- Unable to send message (not connected to UPM process).
[Package Manager] Cannot connect to Unity Package Manager local server
Mono: successfully reloaded assembly
- Finished resetting the current domain, in  1.423 seconds
Domain Reload Profiling: 4419ms
	BeginReloadAssembly (653ms)
		ExecutionOrderSort (0ms)
		DisableScriptedObjects (13ms)
		BackupInstance (0ms)
		ReleaseScriptingObjects (1ms)
		CreateAndSetChildDomain (59ms)
	RebuildCommonClasses (60ms)
	RebuildNativeTypeToScriptingClass (16ms)
	initialDomainReloadingComplete (98ms)
	LoadAllAssembliesAndSetupDomain (2168ms)
		LoadAssemblies (2067ms)
		RebuildTransferFunctionScriptingTraits (0ms)
		AnalyzeDomain (591ms)
			TypeCache.Refresh (503ms)
				TypeCache.ScanAssembly (452ms)
			ScanForSourceGeneratedMonoScriptInfo (69ms)
			ResolveRequiredComponents (17ms)
	FinalizeReload (1424ms)
		ReleaseScriptCaches (0ms)
		RebuildScriptCaches (0ms)
		SetupLoadedEditorAssemblies (1128ms)
			LogAssemblyErrors (0ms)
			InitializePlatformSupportModulesInManaged (10ms)
			SetLoadedEditorAssemblies (32ms)
			RefreshPlugins (0ms)
			BeforeProcessingInitializeOnLoad (168ms)
			ProcessInitializeOnLoadAttributes (765ms)
			ProcessInitializeOnLoadMethodAttributes (126ms)
			AfterProcessingInitializeOnLoad (27ms)
			EditorAssembliesLoaded (0ms)
		ExecutionOrderSort2 (0ms)
		AwakeInstancesAfterBackupRestoration (11ms)
Launched and connected shader compiler UnityShaderCompiler.exe after 0.21 seconds
Refreshing native plugins compatible for Editor in 99.27 ms, found 3 plugins.
Preloading 0 native plugins for Editor in 0.00 ms.
Unloading 4986 Unused Serialized files (Serialized files now loaded: 0)
Unloading 65 unused Assets / (68.3 MB). Loaded Objects now: 5457.
Memory consumption went from 209.4 MB to 141.1 MB.
Total: 23.699100 ms (FindLiveObjects: 1.693600 ms CreateObjectMapping: 0.949100 ms MarkObjects: 19.245300 ms  DeleteObjects: 1.808700 ms)

AssetImportParameters requested are different than current active one (requested -> active):
  custom:container-demuxer-ogg: 62fdf1f143b41e24485cea50d1cbac27 -> 
  custom:video-decoder-ogg-theora: a1e56fd34408186e4bbccfd4996cb3dc -> 
  custom:framework-win-MediaFoundation: 216162199b28c13a410421893ffa2e32 -> 
  custom:CustomObjectIndexerAttribute: 72b91833f83ae208fae7752999fa3104 -> 
  custom:scripting/monoscript/fileName/Inventory.cs: d078795b7125c8d5b747e156a3e12651 -> 
  custom:container-demuxer-webm: 4f35f7cbe854078d1ac9338744f61a02 -> 
  custom:container-muxer-webm: aa71ff27fc2769a1b78a27578f13a17b -> 
  custom:video-decoder-webm-vp8: 9c59270c3fd7afecdb556c50c9e8de78 -> 
  custom:SearchIndexIgnoredProperties: e643bd26f0fe6173181afceb89e7c659 -> 
  custom:AudioImporter_EditorPlatform: d09bf68614088b80899f8185d706f6e7 -> 
  custom:video-encoder-webm-vp8: eb34c28f22e8b96e1ab97ce403110664 -> 
  custom:audio-decoder-ogg-vorbis: bf7c407c2cedff20999df2af8eb42d56 -> 
  custom:audio-encoder-webm-vorbis: bf7c407c2cedff20999df2af8eb42d56 -> 
  custom:scripting/monoscript/fileName/Fi.cs: e29d8ca99aeaaeb8636ef1f0d0aeb690 -> 
  custom:scripting/monoscript/fileName/Fish.cs: e755df769bea3651f39c80c9e964fc31 -> 
  custom:scripting/monoscript/fileName/FishClass.cs: e29d8ca99aeaaeb8636ef1f0d0aeb690 -> 
========================================================================
Received Import Request.
  Time since last request: 37491.405820 seconds.
  path: Assets/TextMesh Pro/Examples & Extras/Scenes/18 - ScrollRect & Masking & Layout.unity
  artifactKey: Guid(03f9d74cec8e4b94a29d2dfd177c821b) Importer(2089858483,3d70f49cd1c2eb9ae422958d1c652c6b)
Start importing Assets/TextMesh Pro/Examples & Extras/Scenes/18 - ScrollRect & Masking & Layout.unity using Guid(03f9d74cec8e4b94a29d2dfd177c821b) Importer(2089858483,3d70f49cd1c2eb9ae422958d1c652c6b) Opening scene 'Assets/TextMesh Pro/Examples & Extras/Scenes/18 - ScrollRect & Masking & Layout.unity additively'
LightingSettings: switching bake backend from 1 to 0.
Loaded scene 'Assets/TextMesh Pro/Examples & Extras/Scenes/18 - ScrollRect & Masking & Layout.unity'
	Deserialize:            632.254 ms
	Integration:            121.780 ms
	Integration of assets:  33.842 ms
	Thread Wait Time:       0.528 ms
	Total Operation Time:   788.404 ms
The method get_fontSharedMaterials was not found on TextMeshPro Text. This property will not be indexed.
UnityEngine.StackTraceUtility:ExtractStackTrace ()
UnityEngine.DebugLogHandler:LogFormat (UnityEngine.LogType,UnityEngine.Object,string,object[])
UnityEngine.Logger:Log (UnityEngine.LogType,object)
UnityEngine.Debug:LogWarning (object)
UnityEditor.Rendering.Universal.MaterialReferenceBuilder:GetMaterialFromMethod (System.Reflection.MethodInfo,UnityEngine.Object,System.Func`3<string, string, string>) (at ./Library/PackageCache/com.unity.render-pipelines.universal@14.0.10/Editor/Converter/MaterialReferenceBuilder.cs:133)
UnityEditor.Rendering.Universal.ConversionIndexers:ConversionIndexer (UnityEditor.Search.CustomObjectIndexerTarget,UnityEditor.Search.ObjectIndexer) (at ./Library/PackageCache/com.unity.render-pipelines.universal@14.0.10/Editor/Converter/ConversionIndexers.cs:21)
UnityEditor.Search.ObjectIndexer:CallCustomIndexers (string,int,UnityEngine.Object,UnityEditor.SerializedObject,bool)
UnityEditor.Search.ObjectIndexer:IndexCustomProperties (string,int,UnityEngine.Object)
UnityEditor.Search.AssetIndexer:IndexCustomGameObjectProperties (string,int,UnityEngine.GameObject)
UnityEditor.Search.AssetIndexer:IndexObjects (UnityEngine.GameObject[],string,string,string,bool)
UnityEditor.Search.AssetIndexer:IndexScene (string,bool)
UnityEditor.Search.AssetIndexer:IndexSceneDocument (string,bool)
UnityEditor.Search.AssetIndexer:IndexDocument (string,bool)
UnityEditor.Search.SearchIndexEntryImporter:OnImportAsset (UnityEditor.AssetImporters.AssetImportContext)
UnityEditor.AssetImporters.ScriptedImporter:GenerateAssetData (UnityEditor.AssetImporters.AssetImportContext)

(Filename: ./Library/PackageCache/com.unity.render-pipelines.universal@14.0.10/Editor/Converter/MaterialReferenceBuilder.cs Line: 133)

The method get_fontSharedMaterials was not found on TextMeshPro Text. This property will not be indexed.
UnityEngine.StackTraceUtility:ExtractStackTrace ()
UnityEngine.DebugLogHandler:LogFormat (UnityEngine.LogType,UnityEngine.Object,string,object[])
UnityEngine.Logger:Log (UnityEngine.LogType,object)
UnityEngine.Debug:LogWarning (object)
UnityEditor.Rendering.Universal.MaterialReferenceBuilder:GetMaterialFromMethod (System.Reflection.MethodInfo,UnityEngine.Object,System.Func`3<string, string, string>) (at ./Library/PackageCache/com.unity.render-pipelines.universal@14.0.10/Editor/Converter/MaterialReferenceBuilder.cs:133)
UnityEditor.Rendering.Universal.ConversionIndexers:ConversionIndexer (UnityEditor.Search.CustomObjectIndexerTarget,UnityEditor.Search.ObjectIndexer) (at ./Library/PackageCache/com.unity.render-pipelines.universal@14.0.10/Editor/Converter/ConversionIndexers.cs:21)
UnityEditor.Search.ObjectIndexer:CallCustomIndexers (string,int,UnityEngine.Object,UnityEditor.SerializedObject,bool)
UnityEditor.Search.ObjectIndexer:IndexCustomProperties (string,int,UnityEngine.Object)
UnityEditor.Search.AssetIndexer:IndexCustomGameObjectProperties (string,int,UnityEngine.GameObject)
UnityEditor.Search.AssetIndexer:IndexObjects (UnityEngine.GameObject[],string,string,string,bool)
UnityEditor.Search.AssetIndexer:IndexScene (string,bool)
UnityEditor.Search.AssetIndexer:IndexSceneDocument (string,bool)
UnityEditor.Search.AssetIndexer:IndexDocument (string,bool)
UnityEditor.Search.SearchIndexEntryImporter:OnImportAsset (UnityEditor.AssetImporters.AssetImportContext)
UnityEditor.AssetImporters.ScriptedImporter:GenerateAssetData (UnityEditor.AssetImporters.AssetImportContext)

(Filename: ./Library/PackageCache/com.unity.render-pipelines.universal@14.0.10/Editor/Converter/MaterialReferenceBuilder.cs Line: 133)

The method get_fontSharedMaterials was not found on TextMeshPro Text. This property will not be indexed.
UnityEngine.StackTraceUtility:ExtractStackTrace ()
UnityEngine.DebugLogHandler:LogFormat (UnityEngine.LogType,UnityEngine.Object,string,object[])
UnityEngine.Logger:Log (UnityEngine.LogType,object)
UnityEngine.Debug:LogWarning (object)
UnityEditor.Rendering.Universal.MaterialReferenceBuilder:GetMaterialFromMethod (System.Reflection.MethodInfo,UnityEngine.Object,System.Func`3<string, string, string>) (at ./Library/PackageCache/com.unity.render-pipelines.universal@14.0.10/Editor/Converter/MaterialReferenceBuilder.cs:133)
UnityEditor.Rendering.Universal.ConversionIndexers:ConversionIndexer (UnityEditor.Search.CustomObjectIndexerTarget,UnityEditor.Search.ObjectIndexer) (at ./Library/PackageCache/com.unity.render-pipelines.universal@14.0.10/Editor/Converter/ConversionIndexers.cs:21)
UnityEditor.Search.ObjectIndexer:CallCustomIndexers (string,int,UnityEngine.Object,UnityEditor.SerializedObject,bool)
UnityEditor.Search.ObjectIndexer:IndexCustomProperties (string,int,UnityEngine.Object)
UnityEditor.Search.AssetIndexer:IndexCustomGameObjectProperties (string,int,UnityEngine.GameObject)
UnityEditor.Search.AssetIndexer:IndexObjects (UnityEngine.GameObject[],string,string,string,bool)
UnityEditor.Search.AssetIndexer:IndexScene (string,bool)
UnityEditor.Search.AssetIndexer:IndexSceneDocument (string,bool)
UnityEditor.Search.AssetIndexer:IndexDocument (string,bool)
UnityEditor.Search.SearchIndexEntryImporter:OnImportAsset (UnityEditor.AssetImporters.AssetImportContext)
UnityEditor.AssetImporters.ScriptedImporter:GenerateAssetData (UnityEditor.AssetImporters.AssetImportContext)

(Filename: ./Library/PackageCache/com.unity.render-pipelines.universal@14.0.10/Editor/Converter/MaterialReferenceBuilder.cs Line: 133)

The method get_fontSharedMaterials was not found on TextMeshPro Text. This property will not be indexed.
UnityEngine.StackTraceUtility:ExtractStackTrace ()
UnityEngine.DebugLogHandler:LogFormat (UnityEngine.LogType,UnityEngine.Object,string,object[])
UnityEngine.Logger:Log (UnityEngine.LogType,object)
UnityEngine.Debug:LogWarning (object)
UnityEditor.Rendering.Universal.MaterialReferenceBuilder:GetMaterialFromMethod (System.Reflection.MethodInfo,UnityEngine.Object,System.Func`3<string, string, string>) (at ./Library/PackageCache/com.unity.render-pipelines.universal@14.0.10/Editor/Converter/MaterialReferenceBuilder.cs:133)
UnityEditor.Rendering.Universal.ConversionIndexers:ConversionIndexer (UnityEditor.Search.CustomObjectIndexerTarget,UnityEditor.Search.ObjectIndexer) (at ./Library/PackageCache/com.unity.render-pipelines.universal@14.0.10/Editor/Converter/ConversionIndexers.cs:21)
UnityEditor.Search.ObjectIndexer:CallCustomIndexers (string,int,UnityEngine.Object,UnityEditor.SerializedObject,bool)
UnityEditor.Search.ObjectIndexer:IndexCustomProperties (string,int,UnityEngine.Object)
UnityEditor.Search.AssetIndexer:IndexCustomGameObjectProperties (string,int,UnityEngine.GameObject)
UnityEditor.Search.AssetIndexer:IndexObjects (UnityEngine.GameObject[],string,string,string,bool)
UnityEditor.Search.AssetIndexer:IndexScene (string,bool)
UnityEditor.Search.AssetIndexer:IndexSceneDocument (string,bool)
UnityEditor.Search.AssetIndexer:IndexDocument (string,bool)
UnityEditor.Search.SearchIndexEntryImporter:OnImportAsset (UnityEditor.AssetImporters.AssetImportContext)
UnityEditor.AssetImporters.ScriptedImporter:GenerateAssetData (UnityEditor.AssetImporters.AssetImportContext)

(Filename: ./Library/PackageCache/com.unity.render-pipelines.universal@14.0.10/Editor/Converter/MaterialReferenceBuilder.cs Line: 133)

The method get_fontSharedMaterials was not found on TextMeshPro Text. This property will not be indexed.
UnityEngine.StackTraceUtility:ExtractStackTrace ()
UnityEngine.DebugLogHandler:LogFormat (UnityEngine.LogType,UnityEngine.Object,string,object[])
UnityEngine.Logger:Log (UnityEngine.LogType,object)
UnityEngine.Debug:LogWarning (object)
UnityEditor.Rendering.Universal.MaterialReferenceBuilder:GetMaterialFromMethod (System.Reflection.MethodInfo,UnityEngine.Object,System.Func`3<string, string, string>) (at ./Library/PackageCache/com.unity.render-pipelines.universal@14.0.10/Editor/Converter/MaterialReferenceBuilder.cs:133)
UnityEditor.Rendering.Universal.ConversionIndexers:ConversionIndexer (UnityEditor.Search.CustomObjectIndexerTarget,UnityEditor.Search.ObjectIndexer) (at ./Library/PackageCache/com.unity.render-pipelines.universal@14.0.10/Editor/Converter/ConversionIndexers.cs:21)
UnityEditor.Search.ObjectIndexer:CallCustomIndexers (string,int,UnityEngine.Object,UnityEditor.SerializedObject,bool)
UnityEditor.Search.ObjectIndexer:IndexCustomProperties (string,int,UnityEngine.Object)
UnityEditor.Search.AssetIndexer:IndexCustomGameObjectProperties (string,int,UnityEngine.GameObject)
UnityEditor.Search.AssetIndexer:IndexObjects (UnityEngine.GameObject[],string,string,string,bool)
UnityEditor.Search.AssetIndexer:IndexScene (string,bool)
UnityEditor.Search.AssetIndexer:IndexSceneDocument (string,bool)
UnityEditor.Search.AssetIndexer:IndexDocument (string,bool)
UnityEditor.Search.SearchIndexEntryImporter:OnImportAsset (UnityEditor.AssetImporters.AssetImportContext)
UnityEditor.AssetImporters.ScriptedImporter:GenerateAssetData (UnityEditor.AssetImporters.AssetImportContext)

(Filename: ./Library/PackageCache/com.unity.render-pipelines.universal@14.0.10/Editor/Converter/MaterialReferenceBuilder.cs Line: 133)

The method get_fontSharedMaterials was not found on TextMeshPro Text. This property will not be indexed.
UnityEngine.StackTraceUtility:ExtractStackTrace ()
UnityEngine.DebugLogHandler:LogFormat (UnityEngine.LogType,UnityEngine.Object,string,object[])
UnityEngine.Logger:Log (UnityEngine.LogType,object)
UnityEngine.Debug:LogWarning (object)
UnityEditor.Rendering.Universal.MaterialReferenceBuilder:GetMaterialFromMethod (System.Reflection.MethodInfo,UnityEngine.Object,System.Func`3<string, string, string>) (at ./Library/PackageCache/com.unity.render-pipelines.universal@14.0.10/Editor/Converter/MaterialReferenceBuilder.cs:133)
UnityEditor.Rendering.Universal.ConversionIndexers:ConversionIndexer (UnityEditor.Search.CustomObjectIndexerTarget,UnityEditor.Search.ObjectIndexer) (at ./Library/PackageCache/com.unity.render-pipelines.universal@14.0.10/Editor/Converter/ConversionIndexers.cs:21)
UnityEditor.Search.ObjectIndexer:CallCustomIndexers (string,int,UnityEngine.Object,UnityEditor.SerializedObject,bool)
UnityEditor.Search.ObjectIndexer:IndexCustomProperties (string,int,UnityEngine.Object)
UnityEditor.Search.AssetIndexer:IndexCustomGameObjectProperties (string,int,UnityEngine.GameObject)
UnityEditor.Search.AssetIndexer:IndexObjects (UnityEngine.GameObject[],string,string,string,bool)
UnityEditor.Search.AssetIndexer:IndexScene (string,bool)
UnityEditor.Search.AssetIndexer:IndexSceneDocument (string,bool)
UnityEditor.Search.AssetIndexer:IndexDocument (string,bool)
UnityEditor.Search.SearchIndexEntryImporter:OnImportAsset (UnityEditor.AssetImporters.AssetImportContext)
UnityEditor.AssetImporters.ScriptedImporter:GenerateAssetData (UnityEditor.AssetImporters.AssetImportContext)

(Filename: ./Library/PackageCache/com.unity.render-pipelines.universal@14.0.10/Editor/Converter/MaterialReferenceBuilder.cs Line: 133)

 -> (artifact id: 'b184a22fa32f808f1533151c52e75cd1') in 1.282523 seconds
Number of updated asset objects reloaded before import = 0
Number of asset objects unloaded after import = 26
========================================================================
Received Import Request.
  Time since last request: 0.000035 seconds.
  path: Assets/CatBorg Studio/3D Pirates Lowpoly Pack/Prefabs/05_Destilery_Banner_Destilary.prefab
  artifactKey: Guid(db6ba1465b71d5d49abf7181248ea33c) Importer(2089858483,0ecaa5967403d082aa24f35e1b516d23)
Start importing Assets/CatBorg Studio/3D Pirates Lowpoly Pack/Prefabs/05_Destilery_Banner_Destilary.prefab using Guid(db6ba1465b71d5d49abf7181248ea33c) Importer(2089858483,0ecaa5967403d082aa24f35e1b516d23)  -> (artifact id: '022f6282d88c2c7767981c2512aedb53') in 0.391390 seconds
Number of updated asset objects reloaded before import = 0
Number of asset objects unloaded after import = 7
========================================================================
Received Import Request.
  Time since last request: 0.000070 seconds.
  path: Assets/Mini First Person Controller/Audio/Steps.wav
  artifactKey: Guid(f8c14f2814b4b124a894a65c32c44987) Importer(2089858483,0ecaa5967403d082aa24f35e1b516d23)
Start importing Assets/Mini First Person Controller/Audio/Steps.wav using Guid(f8c14f2814b4b124a894a65c32c44987) Importer(2089858483,0ecaa5967403d082aa24f35e1b516d23)  -> (artifact id: 'cc14259d6ef6ae1d8d00351e1df06dc5') in 0.141846 seconds
Number of updated asset objects reloaded before import = 0
Number of asset objects unloaded after import = 1
========================================================================
Received Import Request.
  Time since last request: 0.000034 seconds.
  path: Assets/CatBorg Studio/3D Pirates Lowpoly Pack/Prefabs/04_CannonShop_Cannon.prefab
  artifactKey: Guid(2f6bffba9cee7dd47bfbd80cc1d09c19) Importer(2089858483,0ecaa5967403d082aa24f35e1b516d23)
Start importing Assets/CatBorg Studio/3D Pirates Lowpoly Pack/Prefabs/04_CannonShop_Cannon.prefab using Guid(2f6bffba9cee7dd47bfbd80cc1d09c19) Importer(2089858483,0ecaa5967403d082aa24f35e1b516d23)  -> (artifact id: 'eac7706bff81df452be25d188a663e90') in 0.057505 seconds
Number of updated asset objects reloaded before import = 0
Number of asset objects unloaded after import = 7
========================================================================
Received Import Request.
  Time since last request: 0.000178 seconds.
  path: Assets/CatBorg Studio/3D Pirates Lowpoly Pack/Prefabs/03_FishermanHouse_FishTrap.prefab
  artifactKey: Guid(99be4f0b47e59b34781dc43c70252c22) Importer(2089858483,3d70f49cd1c2eb9ae422958d1c652c6b)
Start importing Assets/CatBorg Studio/3D Pirates Lowpoly Pack/Prefabs/03_FishermanHouse_FishTrap.prefab using Guid(99be4f0b47e59b34781dc43c70252c22) Importer(2089858483,3d70f49cd1c2eb9ae422958d1c652c6b)  -> (artifact id: '183a70e8e42f7bdbefda6f85a2eee14e') in 0.063201 seconds
Number of updated asset objects reloaded before import = 0
Number of asset objects unloaded after import = 8
========================================================================
Received Import Request.
  Time since last request: 0.000092 seconds.
  path: Assets/CatBorg Studio/3D Pirates Lowpoly Pack/Prefabs/07_Tavern_UmbrelaTable_2.prefab
  artifactKey: Guid(d4effc3173a6c084ab1e0f9cf40a072c) Importer(2089858483,3d70f49cd1c2eb9ae422958d1c652c6b)
Start importing Assets/CatBorg Studio/3D Pirates Lowpoly Pack/Prefabs/07_Tavern_UmbrelaTable_2.prefab using Guid(d4effc3173a6c084ab1e0f9cf40a072c) Importer(2089858483,3d70f49cd1c2eb9ae422958d1c652c6b)  -> (artifact id: 'e9f4cc0753d624f7b1a1f33058757f6f') in 0.051132 seconds
Number of updated asset objects reloaded before import = 0
Number of asset objects unloaded after import = 8
========================================================================
Received Import Request.
  Time since last request: 0.000055 seconds.
  path: Assets/CatBorg Studio/3D Pirates Lowpoly Pack/Prefabs/01_House_6.prefab
  artifactKey: Guid(759f1923cf69d1c4e9348fc95e1e9042) Importer(2089858483,3d70f49cd1c2eb9ae422958d1c652c6b)
Start importing Assets/CatBorg Studio/3D Pirates Lowpoly Pack/Prefabs/01_House_6.prefab using Guid(759f1923cf69d1c4e9348fc95e1e9042) Importer(2089858483,3d70f49cd1c2eb9ae422958d1c652c6b)  -> (artifact id: '3d6f6f779d8ed1c0d3d23ab44bbd7edf') in 0.027253 seconds
Number of updated asset objects reloaded before import = 0
Number of asset objects unloaded after import = 13
========================================================================
Received Import Request.
  Time since last request: 0.000391 seconds.
  path: Assets/CatBorg Studio/3D Pirates Lowpoly Pack/Prefabs/02_Market_Sack_Stack.prefab
  artifactKey: Guid(ff4f86447611312488abf22d86ee07a5) Importer(2089858483,0ecaa5967403d082aa24f35e1b516d23)
Start importing Assets/CatBorg Studio/3D Pirates Lowpoly Pack/Prefabs/02_Market_Sack_Stack.prefab using Guid(ff4f86447611312488abf22d86ee07a5) Importer(2089858483,0ecaa5967403d082aa24f35e1b516d23)  -> (artifact id: 'b2be3ff93cc39e03957aa1188ef1abbd') in 0.089544 seconds
Number of updated asset objects reloaded before import = 0
Number of asset objects unloaded after import = 7
========================================================================
Received Import Request.
  Time since last request: 0.000148 seconds.
  path: Assets/CatBorg Studio/3D Pirates Lowpoly Pack/Prefabs/03_FishermanHouse_FishermanStand_4.prefab
  artifactKey: Guid(87f3870237b133e4bb0d429e8e4bcb61) Importer(2089858483,3d70f49cd1c2eb9ae422958d1c652c6b)
Start importing Assets/CatBorg Studio/3D Pirates Lowpoly Pack/Prefabs/03_FishermanHouse_FishermanStand_4.prefab using Guid(87f3870237b133e4bb0d429e8e4bcb61) Importer(2089858483,3d70f49cd1c2eb9ae422958d1c652c6b)  -> (artifact id: '70fc983eee4f215c5cd2a304092234fe') in 0.052169 seconds
Number of updated asset objects reloaded before import = 0
Number of asset objects unloaded after import = 8
========================================================================
Received Import Request.
  Time since last request: 0.007178 seconds.
  path: Assets/CatBorg Studio/3D Pirates Lowpoly Pack/Prefabs/01_House_5.prefab
  artifactKey: Guid(b5b2be1faa1821a4e83b8067df74c09a) Importer(2089858483,0ecaa5967403d082aa24f35e1b516d23)
Start importing Assets/CatBorg Studio/3D Pirates Lowpoly Pack/Prefabs/01_House_5.prefab using Guid(b5b2be1faa1821a4e83b8067df74c09a) Importer(2089858483,0ecaa5967403d082aa24f35e1b516d23)  -> (artifact id: '9d91b8614771a7eb087217953e9bec74') in 0.075479 seconds
Number of updated asset objects reloaded before import = 0
Number of asset objects unloaded after import = 7
========================================================================
Received Import Request.
  Time since last request: 0.000041 seconds.
  path: Assets/CatBorg Studio/3D Pirates Lowpoly Pack/Prefabs/06_MusketShop_Stander_Full.prefab
  artifactKey: Guid(3002a69289076d0409281f610aef5376) Importer(2089858483,0ecaa5967403d082aa24f35e1b516d23)
Start importing Assets/CatBorg Studio/3D Pirates Lowpoly Pack/Prefabs/06_MusketShop_Stander_Full.prefab using Guid(3002a69289076d0409281f610aef5376) Importer(2089858483,0ecaa5967403d082aa24f35e1b516d23)  -> (artifact id: '7bf31aeee907fbe1cd98cb818e1fc01d') in 0.101679 seconds
Number of updated asset objects reloaded before import = 0
Number of asset objects unloaded after import = 12
========================================================================
Received Import Request.
  Time since last request: 0.000113 seconds.
  path: Assets/CatBorg Studio/3D Pirates Lowpoly Pack/Prefabs/06_MusketShop_Pistol.prefab
  artifactKey: Guid(dc2c916f047ff644a92e6e295170157e) Importer(2089858483,3d70f49cd1c2eb9ae422958d1c652c6b)
Start importing Assets/CatBorg Studio/3D Pirates Lowpoly Pack/Prefabs/06_MusketShop_Pistol.prefab using Guid(dc2c916f047ff644a92e6e295170157e) Importer(2089858483,3d70f49cd1c2eb9ae422958d1c652c6b)  -> (artifact id: '3716b04d473cfc8f9b172d71a1604219') in 0.032011 seconds
Number of updated asset objects reloaded before import = 0
Number of asset objects unloaded after import = 8
========================================================================
Received Import Request.
  Time since last request: 0.000897 seconds.
  path: Assets/CatBorg Studio/3D Pirates Lowpoly Pack/Prefabs/03_FishermanHouse_FishermanCart.prefab
  artifactKey: Guid(3fa76355d12594143a30d5539b6b75e1) Importer(2089858483,3d70f49cd1c2eb9ae422958d1c652c6b)
Start importing Assets/CatBorg Studio/3D Pirates Lowpoly Pack/Prefabs/03_FishermanHouse_FishermanCart.prefab using Guid(3fa76355d12594143a30d5539b6b75e1) Importer(2089858483,3d70f49cd1c2eb9ae422958d1c652c6b)  -> (artifact id: '18aa9aeaa508dd1595cbaeeb6a6b6fac') in 0.134360 seconds
Number of updated asset objects reloaded before import = 0
Number of asset objects unloaded after import = 8
========================================================================
Received Import Request.
  Time since last request: 0.000053 seconds.
  path: Assets/TerrainTexturesPackFree/TerrainTextures
  artifactKey: Guid(420ce52555ac5fd4581d02d8662ac746) Importer(2089858483,0ecaa5967403d082aa24f35e1b516d23)
Start importing Assets/TerrainTexturesPackFree/TerrainTextures using Guid(420ce52555ac5fd4581d02d8662ac746) Importer(2089858483,0ecaa5967403d082aa24f35e1b516d23)  -> (artifact id: 'e89f09a2a66dc263a93dc7421d8f4cae') in 0.185399 seconds
Number of updated asset objects reloaded before import = 0
Number of asset objects unloaded after import = 1
========================================================================
Received Import Request.
  Time since last request: 0.000056 seconds.
  path: Assets/CatBorg Studio/3D Pirates Lowpoly Pack/Models/03_FishermanHouse_FishermanStand_4.fbx
  artifactKey: Guid(6a1b6365b5654b247bb0f84da4cb4400) Importer(2089858483,0ecaa5967403d082aa24f35e1b516d23)
Start importing Assets/CatBorg Studio/3D Pirates Lowpoly Pack/Models/03_FishermanHouse_FishermanStand_4.fbx using Guid(6a1b6365b5654b247bb0f84da4cb4400) Importer(2089858483,0ecaa5967403d082aa24f35e1b516d23)  -> (artifact id: '231c7be1075d20184b635d1fa4cf4283') in 0.160088 seconds
Number of updated asset objects reloaded before import = 0
Number of asset objects unloaded after import = 7
========================================================================
Received Import Request.
  Time since last request: 0.006550 seconds.
  path: Assets/CatBorg Studio/3D Pirates Lowpoly Pack/Models/06_MusketShop_Pistol.fbx
  artifactKey: Guid(74404cbd51bc26749b6f778713af0d94) Importer(2089858483,0ecaa5967403d082aa24f35e1b516d23)
Start importing Assets/CatBorg Studio/3D Pirates Lowpoly Pack/Models/06_MusketShop_Pistol.fbx using Guid(74404cbd51bc26749b6f778713af0d94) Importer(2089858483,0ecaa5967403d082aa24f35e1b516d23)  -> (artifact id: '7baad757250a66802bb2e9c48ef89ff2') in 0.094206 seconds
Number of updated asset objects reloaded before import = 0
Number of asset objects unloaded after import = 7
========================================================================
Received Import Request.
  Time since last request: 0.000098 seconds.
  path: Assets/CatBorg Studio/3D Pirates Lowpoly Pack/Prefabs/06_MusketShop_Stander_Full.prefab
  artifactKey: Guid(3002a69289076d0409281f610aef5376) Importer(2089858483,3d70f49cd1c2eb9ae422958d1c652c6b)
Start importing Assets/CatBorg Studio/3D Pirates Lowpoly Pack/Prefabs/06_MusketShop_Stander_Full.prefab using Guid(3002a69289076d0409281f610aef5376) Importer(2089858483,3d70f49cd1c2eb9ae422958d1c652c6b)  -> (artifact id: '017682e2cc9d902835a27b3660f5b6b6') in 0.080677 seconds
Number of updated asset objects reloaded before import = 0
Number of asset objects unloaded after import = 13
========================================================================
Received Import Request.
  Time since last request: 0.002523 seconds.
  path: Assets/TextMesh Pro/Examples & Extras/Resources/Fonts & Materials/Oswald Bold SDF.asset
  artifactKey: Guid(0161d805a3764c089bef00bfe00793f5) Importer(2089858483,3d70f49cd1c2eb9ae422958d1c652c6b)
Start importing Assets/TextMesh Pro/Examples & Extras/Resources/Fonts & Materials/Oswald Bold SDF.asset using Guid(0161d805a3764c089bef00bfe00793f5) Importer(2089858483,3d70f49cd1c2eb9ae422958d1c652c6b)  -> (artifact id: '0de96ce0d3614094b0fcb4c8509aa2fb') in 0.073447 seconds
Number of updated asset objects reloaded before import = 0
Number of asset objects unloaded after import = 4
========================================================================
Received Import Request.
  Time since last request: 0.000036 seconds.
  path: Assets/Mini First Person Controller/Audio/Crouch
  artifactKey: Guid(52be4a3a9bfd6b94eb6e06f83779f5ff) Importer(2089858483,0ecaa5967403d082aa24f35e1b516d23)
Start importing Assets/Mini First Person Controller/Audio/Crouch using Guid(52be4a3a9bfd6b94eb6e06f83779f5ff) Importer(2089858483,0ecaa5967403d082aa24f35e1b516d23)  -> (artifact id: 'f9496096a4c2c93e5f89fad24f996e9d') in 0.110741 seconds
Number of updated asset objects reloaded before import = 0
Number of asset objects unloaded after import = 1
========================================================================
Received Import Request.
  Time since last request: 0.000702 seconds.
  path: Assets/CatBorg Studio/3D Pirates Lowpoly Pack/Prefabs/03_FishermanHouse_Bucket_Empty.prefab
  artifactKey: Guid(2410a82b7edd12b4a8eadd1f615c3502) Importer(2089858483,0ecaa5967403d082aa24f35e1b516d23)
Start importing Assets/CatBorg Studio/3D Pirates Lowpoly Pack/Prefabs/03_FishermanHouse_Bucket_Empty.prefab using Guid(2410a82b7edd12b4a8eadd1f615c3502) Importer(2089858483,0ecaa5967403d082aa24f35e1b516d23)  -> (artifact id: '630ecf7dcc36b21d49e05fce96e11212') in 0.045668 seconds
Number of updated asset objects reloaded before import = 0
Number of asset objects unloaded after import = 7
========================================================================
Received Import Request.
  Time since last request: 0.003014 seconds.
  path: Assets/CatBorg Studio/3D Pirates Lowpoly Pack/Prefabs/00_Island_7.prefab
  artifactKey: Guid(7e0ec412034c76d44a0889e92c219b16) Importer(2089858483,3d70f49cd1c2eb9ae422958d1c652c6b)
Start importing Assets/CatBorg Studio/3D Pirates Lowpoly Pack/Prefabs/00_Island_7.prefab using Guid(7e0ec412034c76d44a0889e92c219b16) Importer(2089858483,3d70f49cd1c2eb9ae422958d1c652c6b)  -> (artifact id: 'bb8464271cf2a0556abf6d2273a9d450') in 0.098079 seconds
Number of updated asset objects reloaded before import = 0
Number of asset objects unloaded after import = 38
========================================================================
Received Import Request.
  Time since last request: 0.000061 seconds.
  path: Assets/CatBorg Studio/3D Pirates Lowpoly Pack/Scenes
  artifactKey: Guid(7315e7d7f031d2c419425225a1886e01) Importer(2089858483,0ecaa5967403d082aa24f35e1b516d23)
Start importing Assets/CatBorg Studio/3D Pirates Lowpoly Pack/Scenes using Guid(7315e7d7f031d2c419425225a1886e01) Importer(2089858483,0ecaa5967403d082aa24f35e1b516d23)  -> (artifact id: '69ed4031cb1a686eab286526767db966') in 0.029271 seconds
Number of updated asset objects reloaded before import = 0
Number of asset objects unloaded after import = 1
========================================================================
Received Import Request.
  Time since last request: 0.000069 seconds.
  path: Assets/CatBorg Studio/3D Pirates Lowpoly Pack/Models/03_FishermanHouse_Bucket_Fishes.fbx
  artifactKey: Guid(a9174aa2b234a8c4b97a89d3948e47f0) Importer(2089858483,0ecaa5967403d082aa24f35e1b516d23)
Start importing Assets/CatBorg Studio/3D Pirates Lowpoly Pack/Models/03_FishermanHouse_Bucket_Fishes.fbx using Guid(a9174aa2b234a8c4b97a89d3948e47f0) Importer(2089858483,0ecaa5967403d082aa24f35e1b516d23)  -> (artifact id: 'c2cdbfe1f031fddeec924216a1917790') in 0.240777 seconds
Number of updated asset objects reloaded before import = 0
Number of asset objects unloaded after import = 7
========================================================================
Received Import Request.
  Time since last request: 0.000127 seconds.
  path: Assets/CatBorg Studio/3D Pirates Lowpoly Pack/Prefabs/01_House_2.prefab
  artifactKey: Guid(598309a395a3c944191f405347a9495a) Importer(2089858483,3d70f49cd1c2eb9ae422958d1c652c6b)
Start importing Assets/CatBorg Studio/3D Pirates Lowpoly Pack/Prefabs/01_House_2.prefab using Guid(598309a395a3c944191f405347a9495a) Importer(2089858483,3d70f49cd1c2eb9ae422958d1c652c6b)  -> (artifact id: 'f8ec9f048d7505c9bfd5ac53b26a6821') in 0.133886 seconds
Number of updated asset objects reloaded before import = 0
Number of asset objects unloaded after import = 23
========================================================================
Received Import Request.
  Time since last request: 0.000046 seconds.
  path: Assets/Mini First Person Controller/Demo/Demo Mini FPC.unity
  artifactKey: Guid(5f2b90ba65c7b244b875e239d5d42650) Importer(2089858483,0ecaa5967403d082aa24f35e1b516d23)
Start importing Assets/Mini First Person Controller/Demo/Demo Mini FPC.unity using Guid(5f2b90ba65c7b244b875e239d5d42650) Importer(2089858483,0ecaa5967403d082aa24f35e1b516d23)  -> (artifact id: '50b9faab917b2083a0363d566cc317bf') in 0.079614 seconds
Number of updated asset objects reloaded before import = 0
Number of asset objects unloaded after import = 1
========================================================================
Received Import Request.
  Time since last request: 0.000097 seconds.
  path: Assets/CatBorg Studio/3D Pirates Lowpoly Pack/Models/99_Sea.fbx
  artifactKey: Guid(0f33e4bf7ecde364ea8d35ee0f960f83) Importer(2089858483,0ecaa5967403d082aa24f35e1b516d23)
Start importing Assets/CatBorg Studio/3D Pirates Lowpoly Pack/Models/99_Sea.fbx using Guid(0f33e4bf7ecde364ea8d35ee0f960f83) Importer(2089858483,0ecaa5967403d082aa24f35e1b516d23)  -> (artifact id: 'd68abd262d1e32b54a8cee21ef5553d8') in 0.156501 seconds
Number of updated asset objects reloaded before import = 0
Number of asset objects unloaded after import = 9
========================================================================
Received Import Request.
  Time since last request: 0.009487 seconds.
  path: Assets/CatBorg Studio/3D Pirates Lowpoly Pack/Models/02_Market_Barrel_Stack_3.fbx
  artifactKey: Guid(811e88832050cd1429a156d3a8ec939d) Importer(2089858483,0ecaa5967403d082aa24f35e1b516d23)
Start importing Assets/CatBorg Studio/3D Pirates Lowpoly Pack/Models/02_Market_Barrel_Stack_3.fbx using Guid(811e88832050cd1429a156d3a8ec939d) Importer(2089858483,0ecaa5967403d082aa24f35e1b516d23)  -> (artifact id: 'cb48a5074afc801736a90f86d64b1f17') in 0.076120 seconds
Number of updated asset objects reloaded before import = 0
Number of asset objects unloaded after import = 7
========================================================================
Received Import Request.
  Time since last request: 0.000049 seconds.
  path: Assets/CatBorg Studio/3D Pirates Lowpoly Pack/Models/06_MusketShop_Box_Full.fbx
  artifactKey: Guid(7a7e92e8dc46b7b4f8e26b0e472a5af1) Importer(2089858483,0ecaa5967403d082aa24f35e1b516d23)
Start importing Assets/CatBorg Studio/3D Pirates Lowpoly Pack/Models/06_MusketShop_Box_Full.fbx using Guid(7a7e92e8dc46b7b4f8e26b0e472a5af1) Importer(2089858483,0ecaa5967403d082aa24f35e1b516d23)  -> (artifact id: 'b3ee2ba3b923a8b26baec8a73a3dd52b') in 0.080933 seconds
Number of updated asset objects reloaded before import = 0
Number of asset objects unloaded after import = 7
========================================================================
Received Import Request.
  Time since last request: 17.369625 seconds.
  path: Assets/TextMesh Pro/Examples & Extras/Materials/Small Crate_diffuse.mat
  artifactKey: Guid(22262639920f43d6be32430e4e58350d) Importer(2089858483,0ecaa5967403d082aa24f35e1b516d23)
Start importing Assets/TextMesh Pro/Examples & Extras/Materials/Small Crate_diffuse.mat using Guid(22262639920f43d6be32430e4e58350d) Importer(2089858483,0ecaa5967403d082aa24f35e1b516d23)  -> (artifact id: 'f03018c0d3805aae5438b2e0ba4f76f2') in 0.022544 seconds
Number of updated asset objects reloaded before import = 0
Number of asset objects unloaded after import = 3
========================================================================
Received Import Request.
  Time since last request: 0.000030 seconds.
  path: Assets/CatBorg Studio/3D Pirates Lowpoly Pack/Materials/K4DvOYlE.mat
  artifactKey: Guid(4f12db62fa7d6bd44971cfd4b9acd9f6) Importer(2089858483,0ecaa5967403d082aa24f35e1b516d23)
Start importing Assets/CatBorg Studio/3D Pirates Lowpoly Pack/Materials/K4DvOYlE.mat using Guid(4f12db62fa7d6bd44971cfd4b9acd9f6) Importer(2089858483,0ecaa5967403d082aa24f35e1b516d23)  -> (artifact id: 'fb46dc128891cd032b288283db0c724d') in 0.024555 seconds
Number of updated asset objects reloaded before import = 0
Number of asset objects unloaded after import = 2
Editor requested this worker to shutdown with reason: Scaling down because of idle timeout
TcpMessagingSession - receive error: operation aborted. errorcode: 995, details: La operación de E/S se anuló por una salida de subproceso o por una solicitud de aplicación.
AssetImportWorker is now disconnected from the server
Process exiting
Exiting without the bug reporter. Application will terminate with return code 0