Using pre-set license
Built from '2022.3/staging' branch; Version is '2022.3.23f1 (dbb3f7c5b5c6) revision 14398455'; Using compiler version '192829333'; Build Type 'Release'
OS: 'Windows 10  (10.0.19045) 64bit CoreSingleLanguage' Language: 'es' Physical Memory: 15781 MB
BatchMode: 1, IsHumanControllingUs: 0, StartBugReporterOnCrash: 0, Is64bit: 1, IsPro: 1

COMMAND LINE ARGUMENTS:
C:\Program Files\Unity 2022.3.23f1\Editor\Unity.exe
-adb2
-batchMode
-noUpm
-name
AssetImportWorker6
-projectPath
C:/Users/Cheee/OneDrive/Documentos/GitHub/SemiSimulador/FishingSimulator
-logFile
Logs/AssetImportWorker6.log
-srvPort
60606
Successfully changed project path to: C:/Users/Cheee/OneDrive/Documentos/GitHub/SemiSimulador/FishingSimulator
C:/Users/Cheee/OneDrive/Documentos/GitHub/SemiSimulador/FishingSimulator
[UnityMemory] Configuration Parameters - Can be set up in boot.config
    "memorysetup-bucket-allocator-granularity=16"
    "memorysetup-bucket-allocator-bucket-count=8"
    "memorysetup-bucket-allocator-block-size=33554432"
    "memorysetup-bucket-allocator-block-count=8"
    "memorysetup-main-allocator-block-size=16777216"
    "memorysetup-thread-allocator-block-size=16777216"
    "memorysetup-gfx-main-allocator-block-size=16777216"
    "memorysetup-gfx-thread-allocator-block-size=16777216"
    "memorysetup-cache-allocator-block-size=4194304"
    "memorysetup-typetree-allocator-block-size=2097152"
    "memorysetup-profiler-bucket-allocator-granularity=16"
    "memorysetup-profiler-bucket-allocator-bucket-count=8"
    "memorysetup-profiler-bucket-allocator-block-size=33554432"
    "memorysetup-profiler-bucket-allocator-block-count=8"
    "memorysetup-profiler-allocator-block-size=16777216"
    "memorysetup-profiler-editor-allocator-block-size=1048576"
    "memorysetup-temp-allocator-size-main=16777216"
    "memorysetup-job-temp-allocator-block-size=2097152"
    "memorysetup-job-temp-allocator-block-size-background=1048576"
    "memorysetup-job-temp-allocator-reduction-small-platforms=262144"
    "memorysetup-allocator-temp-initial-block-size-main=262144"
    "memorysetup-allocator-temp-initial-block-size-worker=262144"
    "memorysetup-temp-allocator-size-background-worker=32768"
    "memorysetup-temp-allocator-size-job-worker=262144"
    "memorysetup-temp-allocator-size-preload-manager=33554432"
    "memorysetup-temp-allocator-size-nav-mesh-worker=65536"
    "memorysetup-temp-allocator-size-audio-worker=65536"
    "memorysetup-temp-allocator-size-cloud-worker=32768"
    "memorysetup-temp-allocator-size-gi-baking-worker=262144"
    "memorysetup-temp-allocator-size-gfx=262144"
Player connection [4080] Host "[IP] 192.168.0.13 [Port] 0 [Flags] 2 [Guid] 2388845157 [EditorId] 2388845157 [Version] 1048832 [Id] WindowsEditor(7,DESKTOP-3OIPDIC) [Debug] 1 [PackageName] WindowsEditor [ProjectName] Editor" joined multi-casting on [225.0.0.222:54997]...

Player connection [4080] Host "[IP] 192.168.0.13 [Port] 0 [Flags] 2 [Guid] 2388845157 [EditorId] 2388845157 [Version] 1048832 [Id] WindowsEditor(7,DESKTOP-3OIPDIC) [Debug] 1 [PackageName] WindowsEditor [ProjectName] Editor" joined alternative multi-casting on [225.0.0.222:34997]...

[Physics::Module] Initialized MultithreadedJobDispatcher with 11 workers.
Refreshing native plugins compatible for Editor in 25.86 ms, found 3 plugins.
Preloading 0 native plugins for Editor in 0.00 ms.
Initialize engine version: 2022.3.23f1 (dbb3f7c5b5c6)
[Subsystems] Discovering subsystems at path C:/Program Files/Unity 2022.3.23f1/Editor/Data/Resources/UnitySubsystems
[Subsystems] Discovering subsystems at path C:/Users/Cheee/OneDrive/Documentos/GitHub/SemiSimulador/FishingSimulator/Assets
GfxDevice: creating device client; threaded=0; jobified=0
Direct3D:
    Version:  Direct3D 11.0 [level 11.1]
    Renderer: AMD Radeon(TM) Graphics (ID=0x1638)
    Vendor:   ATI
    VRAM:     7890 MB
    Driver:   31.0.21912.14
Initialize mono
Mono path[0] = 'C:/Program Files/Unity 2022.3.23f1/Editor/Data/Managed'
Mono path[1] = 'C:/Program Files/Unity 2022.3.23f1/Editor/Data/MonoBleedingEdge/lib/mono/unityjit-win32'
Mono config path = 'C:/Program Files/Unity 2022.3.23f1/Editor/Data/MonoBleedingEdge/etc'
Using monoOptions --debugger-agent=transport=dt_socket,embedding=1,server=y,suspend=n,address=127.0.0.1:56796
Begin MonoManager ReloadAssembly
Registering precompiled unity dll's ...
Register platform support module: C:/Program Files/Unity 2022.3.23f1/Editor/Data/PlaybackEngines/WindowsStandaloneSupport/UnityEditor.WindowsStandalone.Extensions.dll
Registered in 0.019343 seconds.
- Loaded All Assemblies, in  0.815 seconds
Native extension for WindowsStandalone target not found
Mono: successfully reloaded assembly
- Finished resetting the current domain, in  0.628 seconds
Domain Reload Profiling: 1441ms
	BeginReloadAssembly (295ms)
		ExecutionOrderSort (0ms)
		DisableScriptedObjects (0ms)
		BackupInstance (0ms)
		ReleaseScriptingObjects (0ms)
		CreateAndSetChildDomain (2ms)
	RebuildCommonClasses (75ms)
	RebuildNativeTypeToScriptingClass (19ms)
	initialDomainReloadingComplete (118ms)
	LoadAllAssembliesAndSetupDomain (305ms)
		LoadAssemblies (287ms)
		RebuildTransferFunctionScriptingTraits (0ms)
		AnalyzeDomain (299ms)
			TypeCache.Refresh (297ms)
				TypeCache.ScanAssembly (265ms)
			ScanForSourceGeneratedMonoScriptInfo (1ms)
			ResolveRequiredComponents (1ms)
	FinalizeReload (629ms)
		ReleaseScriptCaches (0ms)
		RebuildScriptCaches (0ms)
		SetupLoadedEditorAssemblies (517ms)
			LogAssemblyErrors (0ms)
			InitializePlatformSupportModulesInManaged (67ms)
			SetLoadedEditorAssemblies (39ms)
			RefreshPlugins (0ms)
			BeforeProcessingInitializeOnLoad (4ms)
			ProcessInitializeOnLoadAttributes (317ms)
			ProcessInitializeOnLoadMethodAttributes (90ms)
			AfterProcessingInitializeOnLoad (0ms)
			EditorAssembliesLoaded (0ms)
		ExecutionOrderSort2 (0ms)
		AwakeInstancesAfterBackupRestoration (0ms)
========================================================================
Worker process is ready to serve import requests
Begin MonoManager ReloadAssembly
- Loaded All Assemblies, in  3.057 seconds
Refreshing native plugins compatible for Editor in 10.02 ms, found 3 plugins.
Native extension for WindowsStandalone target not found
Package Manager log level set to [2]
[Package Manager] Server::EnsureServerProcessIsRunning -- launch failed, reason: Unity was launched with the -noUpm command-line argument
[Package Manager] UpmClient::Send -- Unable to send message (not connected to UPM process).
[Package Manager] Cannot connect to Unity Package Manager local server
Mono: successfully reloaded assembly
- Finished resetting the current domain, in  1.637 seconds
Domain Reload Profiling: 4688ms
	BeginReloadAssembly (653ms)
		ExecutionOrderSort (0ms)
		DisableScriptedObjects (9ms)
		BackupInstance (0ms)
		ReleaseScriptingObjects (0ms)
		CreateAndSetChildDomain (80ms)
	RebuildCommonClasses (65ms)
	RebuildNativeTypeToScriptingClass (20ms)
	initialDomainReloadingComplete (94ms)
	LoadAllAssembliesAndSetupDomain (2219ms)
		LoadAssemblies (2098ms)
		RebuildTransferFunctionScriptingTraits (0ms)
		AnalyzeDomain (618ms)
			TypeCache.Refresh (551ms)
				TypeCache.ScanAssembly (500ms)
			ScanForSourceGeneratedMonoScriptInfo (42ms)
			ResolveRequiredComponents (21ms)
	FinalizeReload (1638ms)
		ReleaseScriptCaches (0ms)
		RebuildScriptCaches (0ms)
		SetupLoadedEditorAssemblies (1186ms)
			LogAssemblyErrors (0ms)
			InitializePlatformSupportModulesInManaged (11ms)
			SetLoadedEditorAssemblies (7ms)
			RefreshPlugins (0ms)
			BeforeProcessingInitializeOnLoad (281ms)
			ProcessInitializeOnLoadAttributes (735ms)
			ProcessInitializeOnLoadMethodAttributes (137ms)
			AfterProcessingInitializeOnLoad (14ms)
			EditorAssembliesLoaded (0ms)
		ExecutionOrderSort2 (0ms)
		AwakeInstancesAfterBackupRestoration (11ms)
Launched and connected shader compiler UnityShaderCompiler.exe after 0.15 seconds
Refreshing native plugins compatible for Editor in 89.09 ms, found 3 plugins.
Preloading 0 native plugins for Editor in 0.00 ms.
Unloading 4986 Unused Serialized files (Serialized files now loaded: 0)
Unloading 65 unused Assets / (68.3 MB). Loaded Objects now: 5457.
Memory consumption went from 209.4 MB to 141.1 MB.
Total: 28.442600 ms (FindLiveObjects: 5.446600 ms CreateObjectMapping: 1.428300 ms MarkObjects: 20.452300 ms  DeleteObjects: 1.112700 ms)

AssetImportParameters requested are different than current active one (requested -> active):
  custom:container-demuxer-ogg: 62fdf1f143b41e24485cea50d1cbac27 -> 
  custom:video-decoder-ogg-theora: a1e56fd34408186e4bbccfd4996cb3dc -> 
  custom:framework-win-MediaFoundation: 216162199b28c13a410421893ffa2e32 -> 
  custom:CustomObjectIndexerAttribute: 72b91833f83ae208fae7752999fa3104 -> 
  custom:scripting/monoscript/fileName/Inventory.cs: d078795b7125c8d5b747e156a3e12651 -> 
  custom:container-demuxer-webm: 4f35f7cbe854078d1ac9338744f61a02 -> 
  custom:container-muxer-webm: aa71ff27fc2769a1b78a27578f13a17b -> 
  custom:video-decoder-webm-vp8: 9c59270c3fd7afecdb556c50c9e8de78 -> 
  custom:SearchIndexIgnoredProperties: e643bd26f0fe6173181afceb89e7c659 -> 
  custom:AudioImporter_EditorPlatform: d09bf68614088b80899f8185d706f6e7 -> 
  custom:video-encoder-webm-vp8: eb34c28f22e8b96e1ab97ce403110664 -> 
  custom:audio-decoder-ogg-vorbis: bf7c407c2cedff20999df2af8eb42d56 -> 
  custom:audio-encoder-webm-vorbis: bf7c407c2cedff20999df2af8eb42d56 -> 
  custom:scripting/monoscript/fileName/Fi.cs: e29d8ca99aeaaeb8636ef1f0d0aeb690 -> 
  custom:scripting/monoscript/fileName/Fish.cs: e755df769bea3651f39c80c9e964fc31 -> 
  custom:scripting/monoscript/fileName/FishClass.cs: e29d8ca99aeaaeb8636ef1f0d0aeb690 -> 
========================================================================
Received Import Request.
  Time since last request: 37491.426292 seconds.
  path: Assets/Mini First Person Controller/Audio/Crouch/Crouch start 2.wav
  artifactKey: Guid(8a49e3e94b1e34e47bc5f47c5233c5a5) Importer(2089858483,0ecaa5967403d082aa24f35e1b516d23)
Start importing Assets/Mini First Person Controller/Audio/Crouch/Crouch start 2.wav using Guid(8a49e3e94b1e34e47bc5f47c5233c5a5) Importer(2089858483,0ecaa5967403d082aa24f35e1b516d23)  -> (artifact id: '2fd2addba8869a8475a921bc1acd40a2') in 0.566980 seconds
Number of updated asset objects reloaded before import = 0
Number of asset objects unloaded after import = 1
========================================================================
Received Import Request.
  Time since last request: 0.000049 seconds.
  path: Assets/CatBorg Studio/3D Pirates Lowpoly Pack/Prefabs/02_Market_Barrel_Single_Closed.prefab
  artifactKey: Guid(d51ff2188494a8e4587a4ba203ba03fe) Importer(2089858483,3d70f49cd1c2eb9ae422958d1c652c6b)
Start importing Assets/CatBorg Studio/3D Pirates Lowpoly Pack/Prefabs/02_Market_Barrel_Single_Closed.prefab using Guid(d51ff2188494a8e4587a4ba203ba03fe) Importer(2089858483,3d70f49cd1c2eb9ae422958d1c652c6b)  -> (artifact id: 'c585a8afc4bdca9b171d41eb1aef08c7') in 0.082073 seconds
Number of updated asset objects reloaded before import = 0
Number of asset objects unloaded after import = 8
========================================================================
Received Import Request.
  Time since last request: 0.000032 seconds.
  path: Assets/CatBorg Studio/3D Pirates Lowpoly Pack/Prefabs/02_Market_Crate_2.prefab
  artifactKey: Guid(ee3e1c46b473f744bb23691f03d6d290) Importer(2089858483,0ecaa5967403d082aa24f35e1b516d23)
Start importing Assets/CatBorg Studio/3D Pirates Lowpoly Pack/Prefabs/02_Market_Crate_2.prefab using Guid(ee3e1c46b473f744bb23691f03d6d290) Importer(2089858483,0ecaa5967403d082aa24f35e1b516d23)  -> (artifact id: 'c52c20cd4f523a7301f055a3bde3d119') in 0.109611 seconds
Number of updated asset objects reloaded before import = 0
Number of asset objects unloaded after import = 7
========================================================================
Received Import Request.
  Time since last request: 0.000054 seconds.
  path: Assets/CatBorg Studio/3D Pirates Lowpoly Pack
  artifactKey: Guid(bf59ac2357cbc8f42beffb94a2457999) Importer(2089858483,0ecaa5967403d082aa24f35e1b516d23)
Start importing Assets/CatBorg Studio/3D Pirates Lowpoly Pack using Guid(bf59ac2357cbc8f42beffb94a2457999) Importer(2089858483,0ecaa5967403d082aa24f35e1b516d23)  -> (artifact id: 'c33b9c8e097f15a37381bc10aa9f02b5') in 0.038300 seconds
Number of updated asset objects reloaded before import = 0
Number of asset objects unloaded after import = 1
========================================================================
Received Import Request.
  Time since last request: 0.000087 seconds.
  path: Assets/CatBorg Studio/3D Pirates Lowpoly Pack/Models/02_Market_Banner_Barrels.fbx
  artifactKey: Guid(49e272a6035c131408a2014d7e13bbdd) Importer(2089858483,0ecaa5967403d082aa24f35e1b516d23)
Start importing Assets/CatBorg Studio/3D Pirates Lowpoly Pack/Models/02_Market_Banner_Barrels.fbx using Guid(49e272a6035c131408a2014d7e13bbdd) Importer(2089858483,0ecaa5967403d082aa24f35e1b516d23)  -> (artifact id: 'beff1a55269601d1b5ada90106f2d0cf') in 0.119754 seconds
Number of updated asset objects reloaded before import = 0
Number of asset objects unloaded after import = 7
========================================================================
Received Import Request.
  Time since last request: 0.000039 seconds.
  path: Assets/CatBorg Studio/3D Pirates Lowpoly Pack/Prefabs/00_Island_1.prefab
  artifactKey: Guid(f707191a539c0ae4989d856bea091177) Importer(2089858483,3d70f49cd1c2eb9ae422958d1c652c6b)
Start importing Assets/CatBorg Studio/3D Pirates Lowpoly Pack/Prefabs/00_Island_1.prefab using Guid(f707191a539c0ae4989d856bea091177) Importer(2089858483,3d70f49cd1c2eb9ae422958d1c652c6b)  -> (artifact id: 'b5717ca37fa300dd4064dcd8beb70afe') in 0.193660 seconds
Number of updated asset objects reloaded before import = 0
Number of asset objects unloaded after import = 28
========================================================================
Received Import Request.
  Time since last request: 0.000052 seconds.
  path: Assets/CatBorg Studio/3D Pirates Lowpoly Pack/Prefabs/05_Destilery_Rum_Bottle_3.prefab
  artifactKey: Guid(10b87e9de5680434f9ab8c50536dd25a) Importer(2089858483,3d70f49cd1c2eb9ae422958d1c652c6b)
Start importing Assets/CatBorg Studio/3D Pirates Lowpoly Pack/Prefabs/05_Destilery_Rum_Bottle_3.prefab using Guid(10b87e9de5680434f9ab8c50536dd25a) Importer(2089858483,3d70f49cd1c2eb9ae422958d1c652c6b)  -> (artifact id: 'bc2e1cadd86cd763e5945a564b17d5ef') in 0.044736 seconds
Number of updated asset objects reloaded before import = 0
Number of asset objects unloaded after import = 8
========================================================================
Received Import Request.
  Time since last request: 0.000107 seconds.
  path: Assets/Scenes/NewLayer 1.terrainlayer
  artifactKey: Guid(b9303766eb3a87b4a8409753fcfd68e4) Importer(2089858483,0ecaa5967403d082aa24f35e1b516d23)
Start importing Assets/Scenes/NewLayer 1.terrainlayer using Guid(b9303766eb3a87b4a8409753fcfd68e4) Importer(2089858483,0ecaa5967403d082aa24f35e1b516d23)  -> (artifact id: '7d9821e2458e9c87fbf9616a88ef968c') in 0.759497 seconds
Number of updated asset objects reloaded before import = 0
Number of asset objects unloaded after import = 2
========================================================================
Received Import Request.
  Time since last request: 0.000041 seconds.
  path: Assets/CatBorg Studio/3D Pirates Lowpoly Pack/Prefabs/05_Destilery_Rum_Crate_2.prefab
  artifactKey: Guid(62fe7dc6b33113c49874afdfe4c468ad) Importer(2089858483,0ecaa5967403d082aa24f35e1b516d23)
Start importing Assets/CatBorg Studio/3D Pirates Lowpoly Pack/Prefabs/05_Destilery_Rum_Crate_2.prefab using Guid(62fe7dc6b33113c49874afdfe4c468ad) Importer(2089858483,0ecaa5967403d082aa24f35e1b516d23)  -> (artifact id: '254c597fea1520b3fbe4c95ece2d7fbe') in 0.069491 seconds
Number of updated asset objects reloaded before import = 0
Number of asset objects unloaded after import = 7
========================================================================
Received Import Request.
  Time since last request: 0.000438 seconds.
  path: Assets/CatBorg Studio/3D Pirates Lowpoly Pack/Prefabs/02_Market_Sack_Single.prefab
  artifactKey: Guid(cc04b2232a65eaf48a0dbca0b5a67c65) Importer(2089858483,3d70f49cd1c2eb9ae422958d1c652c6b)
Start importing Assets/CatBorg Studio/3D Pirates Lowpoly Pack/Prefabs/02_Market_Sack_Single.prefab using Guid(cc04b2232a65eaf48a0dbca0b5a67c65) Importer(2089858483,3d70f49cd1c2eb9ae422958d1c652c6b)  -> (artifact id: 'eb00fc69e9b7e99ef774bc4e72d30ab6') in 0.075529 seconds
Number of updated asset objects reloaded before import = 0
Number of asset objects unloaded after import = 8
========================================================================
Received Import Request.
  Time since last request: 0.000380 seconds.
  path: Assets/CatBorg Studio/3D Pirates Lowpoly Pack/Models/03_FishermanHouse_Bucket_Empty.fbx
  artifactKey: Guid(fc6740e9ed3616048bc5e1b2b518357b) Importer(2089858483,0ecaa5967403d082aa24f35e1b516d23)
Start importing Assets/CatBorg Studio/3D Pirates Lowpoly Pack/Models/03_FishermanHouse_Bucket_Empty.fbx using Guid(fc6740e9ed3616048bc5e1b2b518357b) Importer(2089858483,0ecaa5967403d082aa24f35e1b516d23)  -> (artifact id: 'a9c6633bd9d464da61eec1cb49bc5dc8') in 0.067746 seconds
Number of updated asset objects reloaded before import = 0
Number of asset objects unloaded after import = 7
========================================================================
Received Import Request.
  Time since last request: 0.001342 seconds.
  path: Assets/CatBorg Studio/3D Pirates Lowpoly Pack/Prefabs/00_Island_3.prefab
  artifactKey: Guid(7ff62cc2df01cb449866b00451ac402d) Importer(2089858483,0ecaa5967403d082aa24f35e1b516d23)
Start importing Assets/CatBorg Studio/3D Pirates Lowpoly Pack/Prefabs/00_Island_3.prefab using Guid(7ff62cc2df01cb449866b00451ac402d) Importer(2089858483,0ecaa5967403d082aa24f35e1b516d23)  -> (artifact id: '5de31bdae6640d7cd289eab518cef7ea') in 0.050142 seconds
Number of updated asset objects reloaded before import = 0
Number of asset objects unloaded after import = 12
========================================================================
Received Import Request.
  Time since last request: 0.000072 seconds.
  path: Assets/Scripts/QualityScript.cs
  artifactKey: Guid(3f8628d963e26ef41b5312c7c0cdde8a) Importer(2089858483,0ecaa5967403d082aa24f35e1b516d23)
Start importing Assets/Scripts/QualityScript.cs using Guid(3f8628d963e26ef41b5312c7c0cdde8a) Importer(2089858483,0ecaa5967403d082aa24f35e1b516d23)  -> (artifact id: '5c38245020889047945e61bd6003bb08') in 0.034986 seconds
Number of updated asset objects reloaded before import = 0
Number of asset objects unloaded after import = 1
========================================================================
Received Import Request.
  Time since last request: 0.000053 seconds.
  path: Assets/Scripts/ExitScript.cs
  artifactKey: Guid(7c8babcf4f70b6e4ea9775636f24d169) Importer(2089858483,0ecaa5967403d082aa24f35e1b516d23)
Start importing Assets/Scripts/ExitScript.cs using Guid(7c8babcf4f70b6e4ea9775636f24d169) Importer(2089858483,0ecaa5967403d082aa24f35e1b516d23)  -> (artifact id: 'a8aeb06bd9c466511ec22f5372f94256') in 0.040596 seconds
Number of updated asset objects reloaded before import = 0
Number of asset objects unloaded after import = 1
========================================================================
Received Import Request.
  Time since last request: 0.000075 seconds.
  path: Assets/Mini First Person Controller/First Person Controller Minimal.prefab
  artifactKey: Guid(f2e0b7ae4dae8cf44955bccd3512b213) Importer(2089858483,0ecaa5967403d082aa24f35e1b516d23)
Start importing Assets/Mini First Person Controller/First Person Controller Minimal.prefab using Guid(f2e0b7ae4dae8cf44955bccd3512b213) Importer(2089858483,0ecaa5967403d082aa24f35e1b516d23)  -> (artifact id: '343149d61e3224027789a47f54eff145') in 0.367196 seconds
Number of updated asset objects reloaded before import = 0
Number of asset objects unloaded after import = 32
========================================================================
Received Import Request.
  Time since last request: 0.000073 seconds.
  path: Assets/TextMesh Pro/Examples & Extras/Scenes/20 - Input Field with Scrollbar.unity
  artifactKey: Guid(337f92480dd24675aae9e79210fb1ad9) Importer(2089858483,3d70f49cd1c2eb9ae422958d1c652c6b)
Start importing Assets/TextMesh Pro/Examples & Extras/Scenes/20 - Input Field with Scrollbar.unity using Guid(337f92480dd24675aae9e79210fb1ad9) Importer(2089858483,3d70f49cd1c2eb9ae422958d1c652c6b) Opening scene 'Assets/TextMesh Pro/Examples & Extras/Scenes/20 - Input Field with Scrollbar.unity additively'
LightingSettings: switching bake backend from 1 to 0.
Loaded scene 'Assets/TextMesh Pro/Examples & Extras/Scenes/20 - Input Field with Scrollbar.unity'
	Deserialize:            217.791 ms
	Integration:            305.203 ms
	Integration of assets:  54.542 ms
	Thread Wait Time:       0.210 ms
	Total Operation Time:   577.746 ms
 -> (artifact id: '3ece31a36f71c6a2e701e280851b54f6') in 0.750193 seconds
Number of updated asset objects reloaded before import = 0
Number of asset objects unloaded after import = 16
========================================================================
Received Import Request.
  Time since last request: 0.000102 seconds.
  path: Assets/TextMesh Pro/Examples & Extras/Scenes/15 - Inline Graphics & Sprites.unity
  artifactKey: Guid(e76e6c0f81964cbda3fe0b7d26ed8060) Importer(2089858483,3d70f49cd1c2eb9ae422958d1c652c6b)
Start importing Assets/TextMesh Pro/Examples & Extras/Scenes/15 - Inline Graphics & Sprites.unity using Guid(e76e6c0f81964cbda3fe0b7d26ed8060) Importer(2089858483,3d70f49cd1c2eb9ae422958d1c652c6b) Opening scene 'Assets/TextMesh Pro/Examples & Extras/Scenes/15 - Inline Graphics & Sprites.unity additively'
LightingSettings: switching bake backend from 1 to 0.
Loaded scene 'Assets/TextMesh Pro/Examples & Extras/Scenes/15 - Inline Graphics & Sprites.unity'
	Deserialize:            30.906 ms
	Integration:            97.791 ms
	Integration of assets:  2.073 ms
	Thread Wait Time:       0.020 ms
	Total Operation Time:   130.790 ms
 -> (artifact id: '3b7358ed8c2804e914364abcd71f3855') in 0.351305 seconds
Number of updated asset objects reloaded before import = 0
Number of asset objects unloaded after import = 25
========================================================================
Received Import Request.
  Time since last request: 0.000073 seconds.
  path: Assets/CatBorg Studio/3D Pirates Lowpoly Pack/Prefabs/03_FishermanHouse_FishermanStand_1.prefab
  artifactKey: Guid(fb3d2db896a39834e9cf017f7fbf3d0b) Importer(2089858483,0ecaa5967403d082aa24f35e1b516d23)
Start importing Assets/CatBorg Studio/3D Pirates Lowpoly Pack/Prefabs/03_FishermanHouse_FishermanStand_1.prefab using Guid(fb3d2db896a39834e9cf017f7fbf3d0b) Importer(2089858483,0ecaa5967403d082aa24f35e1b516d23)  -> (artifact id: '067e902f7f391f5ad76776127acc4e53') in 0.233950 seconds
Number of updated asset objects reloaded before import = 0
Number of asset objects unloaded after import = 7
========================================================================
Received Import Request.
  Time since last request: 0.003596 seconds.
  path: Assets/CatBorg Studio/3D Pirates Lowpoly Pack/Prefabs/04_CannonShop_Cannon_Mold_Empty.prefab
  artifactKey: Guid(3cc0a3b38f78b5e4abba4c10e1a0a1d4) Importer(2089858483,0ecaa5967403d082aa24f35e1b516d23)
Start importing Assets/CatBorg Studio/3D Pirates Lowpoly Pack/Prefabs/04_CannonShop_Cannon_Mold_Empty.prefab using Guid(3cc0a3b38f78b5e4abba4c10e1a0a1d4) Importer(2089858483,0ecaa5967403d082aa24f35e1b516d23)  -> (artifact id: '32f39750ee88f6040bcacab31a861f12') in 0.131313 seconds
Number of updated asset objects reloaded before import = 0
Number of asset objects unloaded after import = 7
========================================================================
Received Import Request.
  Time since last request: 0.002026 seconds.
  path: Assets/TerrainTexturesPackFree/TerrainTextures/GroundDryLeaves01.png
  artifactKey: Guid(3f893818068c13c498261af150bea6f3) Importer(2089858483,0ecaa5967403d082aa24f35e1b516d23)
Start importing Assets/TerrainTexturesPackFree/TerrainTextures/GroundDryLeaves01.png using Guid(3f893818068c13c498261af150bea6f3) Importer(2089858483,0ecaa5967403d082aa24f35e1b516d23)  -> (artifact id: '82a40014aebf5d717676ac9d21963b51') in 1.008563 seconds
Number of updated asset objects reloaded before import = 0
Number of asset objects unloaded after import = 1
Editor requested this worker to shutdown with reason: balancing worker count downwards
TcpMessagingSession - receive error: operation aborted. errorcode: 995, details: La operación de E/S se anuló por una salida de subproceso o por una solicitud de aplicación.
AssetImportWorker is now disconnected from the server
Process exiting
Exiting without the bug reporter. Application will terminate with return code 0