Using pre-set license
Built from '2022.3/staging' branch; Version is '2022.3.23f1 (dbb3f7c5b5c6) revision 14398455'; Using compiler version '192829333'; Build Type 'Release'
OS: 'Windows 10  (10.0.19045) 64bit CoreSingleLanguage' Language: 'es' Physical Memory: 15781 MB
BatchMode: 1, IsHumanControllingUs: 0, StartBugReporterOnCrash: 0, Is64bit: 1, IsPro: 1

COMMAND LINE ARGUMENTS:
C:\Program Files\Unity 2022.3.23f1\Editor\Unity.exe
-adb2
-batchMode
-noUpm
-name
AssetImportWorker4
-projectPath
C:/Users/Cheee/OneDrive/Documentos/GitHub/SemiSimulador/FishingSimulator
-logFile
Logs/AssetImportWorker4.log
-srvPort
60606
Successfully changed project path to: C:/Users/Cheee/OneDrive/Documentos/GitHub/SemiSimulador/FishingSimulator
C:/Users/Cheee/OneDrive/Documentos/GitHub/SemiSimulador/FishingSimulator
[UnityMemory] Configuration Parameters - Can be set up in boot.config
    "memorysetup-bucket-allocator-granularity=16"
    "memorysetup-bucket-allocator-bucket-count=8"
    "memorysetup-bucket-allocator-block-size=33554432"
    "memorysetup-bucket-allocator-block-count=8"
    "memorysetup-main-allocator-block-size=16777216"
    "memorysetup-thread-allocator-block-size=16777216"
    "memorysetup-gfx-main-allocator-block-size=16777216"
    "memorysetup-gfx-thread-allocator-block-size=16777216"
    "memorysetup-cache-allocator-block-size=4194304"
    "memorysetup-typetree-allocator-block-size=2097152"
    "memorysetup-profiler-bucket-allocator-granularity=16"
    "memorysetup-profiler-bucket-allocator-bucket-count=8"
    "memorysetup-profiler-bucket-allocator-block-size=33554432"
    "memorysetup-profiler-bucket-allocator-block-count=8"
    "memorysetup-profiler-allocator-block-size=16777216"
    "memorysetup-profiler-editor-allocator-block-size=1048576"
    "memorysetup-temp-allocator-size-main=16777216"
    "memorysetup-job-temp-allocator-block-size=2097152"
    "memorysetup-job-temp-allocator-block-size-background=1048576"
    "memorysetup-job-temp-allocator-reduction-small-platforms=262144"
    "memorysetup-allocator-temp-initial-block-size-main=262144"
    "memorysetup-allocator-temp-initial-block-size-worker=262144"
    "memorysetup-temp-allocator-size-background-worker=32768"
    "memorysetup-temp-allocator-size-job-worker=262144"
    "memorysetup-temp-allocator-size-preload-manager=33554432"
    "memorysetup-temp-allocator-size-nav-mesh-worker=65536"
    "memorysetup-temp-allocator-size-audio-worker=65536"
    "memorysetup-temp-allocator-size-cloud-worker=32768"
    "memorysetup-temp-allocator-size-gi-baking-worker=262144"
    "memorysetup-temp-allocator-size-gfx=262144"
Player connection [15440] Host "[IP] 192.168.0.13 [Port] 0 [Flags] 2 [Guid] 1172769710 [EditorId] 1172769710 [Version] 1048832 [Id] WindowsEditor(7,DESKTOP-3OIPDIC) [Debug] 1 [PackageName] WindowsEditor [ProjectName] Editor" joined multi-casting on [225.0.0.222:54997]...

Player connection [15440] Host "[IP] 192.168.0.13 [Port] 0 [Flags] 2 [Guid] 1172769710 [EditorId] 1172769710 [Version] 1048832 [Id] WindowsEditor(7,DESKTOP-3OIPDIC) [Debug] 1 [PackageName] WindowsEditor [ProjectName] Editor" joined alternative multi-casting on [225.0.0.222:34997]...

[Physics::Module] Initialized MultithreadedJobDispatcher with 11 workers.
Refreshing native plugins compatible for Editor in 23.75 ms, found 3 plugins.
Preloading 0 native plugins for Editor in 0.00 ms.
Initialize engine version: 2022.3.23f1 (dbb3f7c5b5c6)
[Subsystems] Discovering subsystems at path C:/Program Files/Unity 2022.3.23f1/Editor/Data/Resources/UnitySubsystems
[Subsystems] Discovering subsystems at path C:/Users/Cheee/OneDrive/Documentos/GitHub/SemiSimulador/FishingSimulator/Assets
GfxDevice: creating device client; threaded=0; jobified=0
Direct3D:
    Version:  Direct3D 11.0 [level 11.1]
    Renderer: AMD Radeon(TM) Graphics (ID=0x1638)
    Vendor:   ATI
    VRAM:     7890 MB
    Driver:   31.0.21912.14
Initialize mono
Mono path[0] = 'C:/Program Files/Unity 2022.3.23f1/Editor/Data/Managed'
Mono path[1] = 'C:/Program Files/Unity 2022.3.23f1/Editor/Data/MonoBleedingEdge/lib/mono/unityjit-win32'
Mono config path = 'C:/Program Files/Unity 2022.3.23f1/Editor/Data/MonoBleedingEdge/etc'
Using monoOptions --debugger-agent=transport=dt_socket,embedding=1,server=y,suspend=n,address=127.0.0.1:56184
Begin MonoManager ReloadAssembly
Registering precompiled unity dll's ...
Register platform support module: C:/Program Files/Unity 2022.3.23f1/Editor/Data/PlaybackEngines/WindowsStandaloneSupport/UnityEditor.WindowsStandalone.Extensions.dll
Registered in 0.016845 seconds.
- Loaded All Assemblies, in  1.055 seconds
Native extension for WindowsStandalone target not found
Mono: successfully reloaded assembly
- Finished resetting the current domain, in  0.740 seconds
Domain Reload Profiling: 1790ms
	BeginReloadAssembly (445ms)
		ExecutionOrderSort (0ms)
		DisableScriptedObjects (0ms)
		BackupInstance (0ms)
		ReleaseScriptingObjects (0ms)
		CreateAndSetChildDomain (1ms)
	RebuildCommonClasses (80ms)
	RebuildNativeTypeToScriptingClass (21ms)
	initialDomainReloadingComplete (121ms)
	LoadAllAssembliesAndSetupDomain (382ms)
		LoadAssemblies (439ms)
		RebuildTransferFunctionScriptingTraits (0ms)
		AnalyzeDomain (377ms)
			TypeCache.Refresh (374ms)
				TypeCache.ScanAssembly (345ms)
			ScanForSourceGeneratedMonoScriptInfo (1ms)
			ResolveRequiredComponents (1ms)
	FinalizeReload (742ms)
		ReleaseScriptCaches (0ms)
		RebuildScriptCaches (0ms)
		SetupLoadedEditorAssemblies (615ms)
			LogAssemblyErrors (0ms)
			InitializePlatformSupportModulesInManaged (95ms)
			SetLoadedEditorAssemblies (34ms)
			RefreshPlugins (0ms)
			BeforeProcessingInitializeOnLoad (4ms)
			ProcessInitializeOnLoadAttributes (379ms)
			ProcessInitializeOnLoadMethodAttributes (103ms)
			AfterProcessingInitializeOnLoad (0ms)
			EditorAssembliesLoaded (0ms)
		ExecutionOrderSort2 (0ms)
		AwakeInstancesAfterBackupRestoration (0ms)
========================================================================
Worker process is ready to serve import requests
Begin MonoManager ReloadAssembly
- Loaded All Assemblies, in  2.996 seconds
Refreshing native plugins compatible for Editor in 76.24 ms, found 3 plugins.
Native extension for WindowsStandalone target not found
Package Manager log level set to [2]
[Package Manager] Server::EnsureServerProcessIsRunning -- launch failed, reason: Unity was launched with the -noUpm command-line argument
[Package Manager] UpmClient::Send -- Unable to send message (not connected to UPM process).
[Package Manager] Cannot connect to Unity Package Manager local server
Mono: successfully reloaded assembly
- Finished resetting the current domain, in  1.343 seconds
Domain Reload Profiling: 4332ms
	BeginReloadAssembly (641ms)
		ExecutionOrderSort (0ms)
		DisableScriptedObjects (9ms)
		BackupInstance (0ms)
		ReleaseScriptingObjects (1ms)
		CreateAndSetChildDomain (65ms)
	RebuildCommonClasses (58ms)
	RebuildNativeTypeToScriptingClass (16ms)
	initialDomainReloadingComplete (101ms)
	LoadAllAssembliesAndSetupDomain (2172ms)
		LoadAssemblies (2056ms)
		RebuildTransferFunctionScriptingTraits (0ms)
		AnalyzeDomain (615ms)
			TypeCache.Refresh (550ms)
				TypeCache.ScanAssembly (523ms)
			ScanForSourceGeneratedMonoScriptInfo (45ms)
			ResolveRequiredComponents (15ms)
	FinalizeReload (1344ms)
		ReleaseScriptCaches (0ms)
		RebuildScriptCaches (0ms)
		SetupLoadedEditorAssemblies (1024ms)
			LogAssemblyErrors (0ms)
			InitializePlatformSupportModulesInManaged (19ms)
			SetLoadedEditorAssemblies (8ms)
			RefreshPlugins (0ms)
			BeforeProcessingInitializeOnLoad (138ms)
			ProcessInitializeOnLoadAttributes (724ms)
			ProcessInitializeOnLoadMethodAttributes (122ms)
			AfterProcessingInitializeOnLoad (13ms)
			EditorAssembliesLoaded (0ms)
		ExecutionOrderSort2 (0ms)
		AwakeInstancesAfterBackupRestoration (8ms)
Launched and connected shader compiler UnityShaderCompiler.exe after 0.15 seconds
Refreshing native plugins compatible for Editor in 88.99 ms, found 3 plugins.
Preloading 0 native plugins for Editor in 0.00 ms.
Unloading 4986 Unused Serialized files (Serialized files now loaded: 0)
Unloading 65 unused Assets / (68.3 MB). Loaded Objects now: 5457.
Memory consumption went from 209.4 MB to 141.0 MB.
Total: 22.480300 ms (FindLiveObjects: 1.204400 ms CreateObjectMapping: 1.110100 ms MarkObjects: 19.115900 ms  DeleteObjects: 1.047800 ms)

AssetImportParameters requested are different than current active one (requested -> active):
  custom:container-demuxer-ogg: 62fdf1f143b41e24485cea50d1cbac27 -> 
  custom:video-decoder-ogg-theora: a1e56fd34408186e4bbccfd4996cb3dc -> 
  custom:framework-win-MediaFoundation: 216162199b28c13a410421893ffa2e32 -> 
  custom:CustomObjectIndexerAttribute: 72b91833f83ae208fae7752999fa3104 -> 
  custom:scripting/monoscript/fileName/Inventory.cs: d078795b7125c8d5b747e156a3e12651 -> 
  custom:container-demuxer-webm: 4f35f7cbe854078d1ac9338744f61a02 -> 
  custom:container-muxer-webm: aa71ff27fc2769a1b78a27578f13a17b -> 
  custom:video-decoder-webm-vp8: 9c59270c3fd7afecdb556c50c9e8de78 -> 
  custom:SearchIndexIgnoredProperties: e643bd26f0fe6173181afceb89e7c659 -> 
  custom:AudioImporter_EditorPlatform: d09bf68614088b80899f8185d706f6e7 -> 
  custom:video-encoder-webm-vp8: eb34c28f22e8b96e1ab97ce403110664 -> 
  custom:audio-decoder-ogg-vorbis: bf7c407c2cedff20999df2af8eb42d56 -> 
  custom:audio-encoder-webm-vorbis: bf7c407c2cedff20999df2af8eb42d56 -> 
  custom:scripting/monoscript/fileName/Fi.cs: e29d8ca99aeaaeb8636ef1f0d0aeb690 -> 
  custom:scripting/monoscript/fileName/Fish.cs: e755df769bea3651f39c80c9e964fc31 -> 
  custom:scripting/monoscript/fileName/FishClass.cs: e29d8ca99aeaaeb8636ef1f0d0aeb690 -> 
========================================================================
Received Import Request.
  Time since last request: 37491.405660 seconds.
  path: Assets/CatBorg Studio/3D Pirates Lowpoly Pack/Models/02_Market_Barrel_Single_Closed.fbx
  artifactKey: Guid(bd15de13cb7383047bd407f38b7b2a94) Importer(2089858483,0ecaa5967403d082aa24f35e1b516d23)
Start importing Assets/CatBorg Studio/3D Pirates Lowpoly Pack/Models/02_Market_Barrel_Single_Closed.fbx using Guid(bd15de13cb7383047bd407f38b7b2a94) Importer(2089858483,0ecaa5967403d082aa24f35e1b516d23)  -> (artifact id: '31a909a9639f62b976bd5fbd3a2250e6') in 0.633018 seconds
Number of updated asset objects reloaded before import = 0
Number of asset objects unloaded after import = 7
========================================================================
Received Import Request.
  Time since last request: 0.000069 seconds.
  path: Assets/Mini First Person Controller/Audio
  artifactKey: Guid(99e4c92d4c395a74aa163e79c8149872) Importer(2089858483,0ecaa5967403d082aa24f35e1b516d23)
Start importing Assets/Mini First Person Controller/Audio using Guid(99e4c92d4c395a74aa163e79c8149872) Importer(2089858483,0ecaa5967403d082aa24f35e1b516d23)  -> (artifact id: '3b7d3017ece9e3d543a1822423d5d04e') in 0.035371 seconds
Number of updated asset objects reloaded before import = 0
Number of asset objects unloaded after import = 1
========================================================================
Received Import Request.
  Time since last request: 0.000029 seconds.
  path: Assets/CatBorg Studio/3D Pirates Lowpoly Pack/Prefabs/02_Market_Barrel_Single_Open.prefab
  artifactKey: Guid(69eee11787343a143ad850f77705bb4d) Importer(2089858483,0ecaa5967403d082aa24f35e1b516d23)
Start importing Assets/CatBorg Studio/3D Pirates Lowpoly Pack/Prefabs/02_Market_Barrel_Single_Open.prefab using Guid(69eee11787343a143ad850f77705bb4d) Importer(2089858483,0ecaa5967403d082aa24f35e1b516d23)  -> (artifact id: '2fbd1aaecaa30e1088c7ecd45fd33b05') in 0.064739 seconds
Number of updated asset objects reloaded before import = 0
Number of asset objects unloaded after import = 12
========================================================================
Received Import Request.
  Time since last request: 0.000057 seconds.
  path: Assets/CatBorg Studio/3D Pirates Lowpoly Pack/Prefabs/01_House_4.prefab
  artifactKey: Guid(3f875203e6580d247a02b6bd3ac8a366) Importer(2089858483,0ecaa5967403d082aa24f35e1b516d23)
Start importing Assets/CatBorg Studio/3D Pirates Lowpoly Pack/Prefabs/01_House_4.prefab using Guid(3f875203e6580d247a02b6bd3ac8a366) Importer(2089858483,0ecaa5967403d082aa24f35e1b516d23)  -> (artifact id: '80e4d280b1bbff3e5b0cd376f3f4ae19') in 0.065873 seconds
Number of updated asset objects reloaded before import = 0
Number of asset objects unloaded after import = 12
========================================================================
Received Import Request.
  Time since last request: 0.000064 seconds.
  path: Assets/TerrainTexturesPackFree/TerrainTextures/NewLayer.terrainlayer
  artifactKey: Guid(8b82934714485b34a8927adae5e451a2) Importer(2089858483,0ecaa5967403d082aa24f35e1b516d23)
Start importing Assets/TerrainTexturesPackFree/TerrainTextures/NewLayer.terrainlayer using Guid(8b82934714485b34a8927adae5e451a2) Importer(2089858483,0ecaa5967403d082aa24f35e1b516d23)  -> (artifact id: 'ea8ef357f81b23e5ff3b971f66b49f4b') in 0.092788 seconds
Number of updated asset objects reloaded before import = 0
Number of asset objects unloaded after import = 2
========================================================================
Received Import Request.
  Time since last request: 0.000193 seconds.
  path: Assets/CatBorg Studio/3D Pirates Lowpoly Pack/Prefabs/02_Market_Crate_3.prefab
  artifactKey: Guid(9de500b5ea6b34441b0ddda838c5ea84) Importer(2089858483,3d70f49cd1c2eb9ae422958d1c652c6b)
Start importing Assets/CatBorg Studio/3D Pirates Lowpoly Pack/Prefabs/02_Market_Crate_3.prefab using Guid(9de500b5ea6b34441b0ddda838c5ea84) Importer(2089858483,3d70f49cd1c2eb9ae422958d1c652c6b)  -> (artifact id: 'fbc8970a634f83cd2e128d20b951d48e') in 0.105068 seconds
Number of updated asset objects reloaded before import = 0
Number of asset objects unloaded after import = 8
========================================================================
Received Import Request.
  Time since last request: 0.000042 seconds.
  path: Assets/Mini First Person Controller/Scripts
  artifactKey: Guid(efcc2f8b689b7c547a119dac5cf66a98) Importer(2089858483,0ecaa5967403d082aa24f35e1b516d23)
Start importing Assets/Mini First Person Controller/Scripts using Guid(efcc2f8b689b7c547a119dac5cf66a98) Importer(2089858483,0ecaa5967403d082aa24f35e1b516d23)  -> (artifact id: 'b87744f3a709f891bd5977c58bdb49de') in 0.099119 seconds
Number of updated asset objects reloaded before import = 0
Number of asset objects unloaded after import = 1
========================================================================
Received Import Request.
  Time since last request: 0.000451 seconds.
  path: Assets/CatBorg Studio/3D Pirates Lowpoly Pack/Prefabs/04_CannonShop_Cannon_Mold.prefab
  artifactKey: Guid(e3618e5d2fc09d646aebb4ac2e0cbf58) Importer(2089858483,0ecaa5967403d082aa24f35e1b516d23)
Start importing Assets/CatBorg Studio/3D Pirates Lowpoly Pack/Prefabs/04_CannonShop_Cannon_Mold.prefab using Guid(e3618e5d2fc09d646aebb4ac2e0cbf58) Importer(2089858483,0ecaa5967403d082aa24f35e1b516d23)  -> (artifact id: '0dfab4103d720ecbfa9be74e18902192') in 0.089402 seconds
Number of updated asset objects reloaded before import = 0
Number of asset objects unloaded after import = 7
========================================================================
Received Import Request.
  Time since last request: 0.000352 seconds.
  path: Assets/CatBorg Studio/3D Pirates Lowpoly Pack/Prefabs/01_House_6.prefab
  artifactKey: Guid(759f1923cf69d1c4e9348fc95e1e9042) Importer(2089858483,0ecaa5967403d082aa24f35e1b516d23)
Start importing Assets/CatBorg Studio/3D Pirates Lowpoly Pack/Prefabs/01_House_6.prefab using Guid(759f1923cf69d1c4e9348fc95e1e9042) Importer(2089858483,0ecaa5967403d082aa24f35e1b516d23)  -> (artifact id: '2819c6512c6f639fb6ef7667900b196b') in 0.048676 seconds
Number of updated asset objects reloaded before import = 0
Number of asset objects unloaded after import = 12
========================================================================
Received Import Request.
  Time since last request: 0.000286 seconds.
  path: Assets/Mini First Person Controller/Scripts/Components
  artifactKey: Guid(27054f2851dc4314a8359af559137e6b) Importer(2089858483,0ecaa5967403d082aa24f35e1b516d23)
Start importing Assets/Mini First Person Controller/Scripts/Components using Guid(27054f2851dc4314a8359af559137e6b) Importer(2089858483,0ecaa5967403d082aa24f35e1b516d23)  -> (artifact id: 'cb82343fb4722019f524faa18e3cae0a') in 0.043981 seconds
Number of updated asset objects reloaded before import = 0
Number of asset objects unloaded after import = 1
========================================================================
Received Import Request.
  Time since last request: 0.000069 seconds.
  path: Assets/Settings/URP-Balanced.asset
  artifactKey: Guid(e1260c1148f6143b28bae5ace5e9c5d1) Importer(2089858483,0ecaa5967403d082aa24f35e1b516d23)
Start importing Assets/Settings/URP-Balanced.asset using Guid(e1260c1148f6143b28bae5ace5e9c5d1) Importer(2089858483,0ecaa5967403d082aa24f35e1b516d23)  -> (artifact id: '88ebb9eb533007da1096b387b67f6b20') in 0.432289 seconds
Number of updated asset objects reloaded before import = 0
Number of asset objects unloaded after import = 10
========================================================================
Received Import Request.
  Time since last request: 0.000221 seconds.
  path: Assets/CatBorg Studio/3D Pirates Lowpoly Pack/Prefabs/02_Market_Barrel_WithCrane.prefab
  artifactKey: Guid(dfa6b47b89aa97c4fb50a2f4bf0f00d2) Importer(2089858483,0ecaa5967403d082aa24f35e1b516d23)
Start importing Assets/CatBorg Studio/3D Pirates Lowpoly Pack/Prefabs/02_Market_Barrel_WithCrane.prefab using Guid(dfa6b47b89aa97c4fb50a2f4bf0f00d2) Importer(2089858483,0ecaa5967403d082aa24f35e1b516d23)  -> (artifact id: '61d74b8c41edd8f3aca2452cccbe1ff9') in 0.068216 seconds
Number of updated asset objects reloaded before import = 0
Number of asset objects unloaded after import = 7
========================================================================
Received Import Request.
  Time since last request: 0.000239 seconds.
  path: Assets/CatBorg Studio/3D Pirates Lowpoly Pack/Prefabs/02_Market_Barrel_Stack_3.prefab
  artifactKey: Guid(4ab2a9173bca1d748b8bef2716372344) Importer(2089858483,3d70f49cd1c2eb9ae422958d1c652c6b)
Start importing Assets/CatBorg Studio/3D Pirates Lowpoly Pack/Prefabs/02_Market_Barrel_Stack_3.prefab using Guid(4ab2a9173bca1d748b8bef2716372344) Importer(2089858483,3d70f49cd1c2eb9ae422958d1c652c6b)  -> (artifact id: '99b89caa731e821aa39ae058c361b84b') in 0.065866 seconds
Number of updated asset objects reloaded before import = 0
Number of asset objects unloaded after import = 8
========================================================================
Received Import Request.
  Time since last request: 0.000049 seconds.
  path: Assets/Mini First Person Controller/Scripts/Components/GroundCheck.cs
  artifactKey: Guid(084c01ab381b9da4082c1f84cf70751b) Importer(2089858483,0ecaa5967403d082aa24f35e1b516d23)
Start importing Assets/Mini First Person Controller/Scripts/Components/GroundCheck.cs using Guid(084c01ab381b9da4082c1f84cf70751b) Importer(2089858483,0ecaa5967403d082aa24f35e1b516d23)  -> (artifact id: '71b8d877a1b352bbef774fe494680aa2') in 0.033077 seconds
Number of updated asset objects reloaded before import = 0
Number of asset objects unloaded after import = 1
========================================================================
Received Import Request.
  Time since last request: 0.001446 seconds.
  path: Assets/TerrainTexturesPackFree/TerrainTextures/NewLayer 1.terrainlayer
  artifactKey: Guid(dc403874819086943bf0ce5e0385344f) Importer(2089858483,0ecaa5967403d082aa24f35e1b516d23)
Start importing Assets/TerrainTexturesPackFree/TerrainTextures/NewLayer 1.terrainlayer using Guid(dc403874819086943bf0ce5e0385344f) Importer(2089858483,0ecaa5967403d082aa24f35e1b516d23)  -> (artifact id: '2b917eeb8baffc2b47e35e3bb1e4e767') in 0.056577 seconds
Number of updated asset objects reloaded before import = 0
Number of asset objects unloaded after import = 2
========================================================================
Received Import Request.
  Time since last request: 0.000267 seconds.
  path: Assets/Mini First Person Controller/Demo/readme.pdf
  artifactKey: Guid(2d6d961d8f9e0bc4198fc156b2d945a9) Importer(2089858483,0ecaa5967403d082aa24f35e1b516d23)
Start importing Assets/Mini First Person Controller/Demo/readme.pdf using Guid(2d6d961d8f9e0bc4198fc156b2d945a9) Importer(2089858483,0ecaa5967403d082aa24f35e1b516d23)  -> (artifact id: '5243317332521ea9d7b0e523207be89d') in 0.047648 seconds
Number of updated asset objects reloaded before import = 0
Number of asset objects unloaded after import = 1
========================================================================
Received Import Request.
  Time since last request: 0.000063 seconds.
  path: Assets/Mini First Person Controller/Demo
  artifactKey: Guid(8a3a23bda64e6154183cea502baab83a) Importer(2089858483,0ecaa5967403d082aa24f35e1b516d23)
Start importing Assets/Mini First Person Controller/Demo using Guid(8a3a23bda64e6154183cea502baab83a) Importer(2089858483,0ecaa5967403d082aa24f35e1b516d23)  -> (artifact id: '24854aff3407a9e20d812eda4bba7b04') in 0.032866 seconds
Number of updated asset objects reloaded before import = 0
Number of asset objects unloaded after import = 1
========================================================================
Received Import Request.
  Time since last request: 0.007093 seconds.
  path: Assets/Mini First Person Controller/Scripts/Components/Zoom.cs
  artifactKey: Guid(780f90e951d635f439326ea715cd97e9) Importer(2089858483,0ecaa5967403d082aa24f35e1b516d23)
Start importing Assets/Mini First Person Controller/Scripts/Components/Zoom.cs using Guid(780f90e951d635f439326ea715cd97e9) Importer(2089858483,0ecaa5967403d082aa24f35e1b516d23)  -> (artifact id: 'a2cccba1c1f9273bb59de4f4c7689a1f') in 0.053108 seconds
Number of updated asset objects reloaded before import = 0
Number of asset objects unloaded after import = 1
========================================================================
Received Import Request.
  Time since last request: 0.000106 seconds.
  path: Assets/Mini First Person Controller/Audio/Crouch/Crouch end 2.wav
  artifactKey: Guid(e6f44b6fce71be34dbbd6d12cb3d3b8c) Importer(2089858483,0ecaa5967403d082aa24f35e1b516d23)
Start importing Assets/Mini First Person Controller/Audio/Crouch/Crouch end 2.wav using Guid(e6f44b6fce71be34dbbd6d12cb3d3b8c) Importer(2089858483,0ecaa5967403d082aa24f35e1b516d23)  -> (artifact id: 'eca8db4f2cb52a8a0a216e1e8ffb66e6') in 0.090392 seconds
Number of updated asset objects reloaded before import = 0
Number of asset objects unloaded after import = 1
========================================================================
Received Import Request.
  Time since last request: 0.000045 seconds.
  path: Assets/Settings/URP-Performant.asset
  artifactKey: Guid(d0e2fc18fe036412f8223b3b3d9ad574) Importer(2089858483,0ecaa5967403d082aa24f35e1b516d23)
Start importing Assets/Settings/URP-Performant.asset using Guid(d0e2fc18fe036412f8223b3b3d9ad574) Importer(2089858483,0ecaa5967403d082aa24f35e1b516d23)  -> (artifact id: 'f3fa38563ce7b2d2586b89c1ce10bc4d') in 0.053631 seconds
Number of updated asset objects reloaded before import = 0
Number of asset objects unloaded after import = 1
========================================================================
Received Import Request.
  Time since last request: 0.000058 seconds.
  path: Assets/TextMesh Pro/Examples & Extras/Scenes/13 - Soft Hyphenation.unity
  artifactKey: Guid(875684baf40f4d008ce806d03e2a81b2) Importer(2089858483,3d70f49cd1c2eb9ae422958d1c652c6b)
Start importing Assets/TextMesh Pro/Examples & Extras/Scenes/13 - Soft Hyphenation.unity using Guid(875684baf40f4d008ce806d03e2a81b2) Importer(2089858483,3d70f49cd1c2eb9ae422958d1c652c6b) Opening scene 'Assets/TextMesh Pro/Examples & Extras/Scenes/13 - Soft Hyphenation.unity additively'
LightingSettings: switching bake backend from 1 to 0.
Loaded scene 'Assets/TextMesh Pro/Examples & Extras/Scenes/13 - Soft Hyphenation.unity'
	Deserialize:            79.226 ms
	Integration:            257.826 ms
	Integration of assets:  87.227 ms
	Thread Wait Time:       1.315 ms
	Total Operation Time:   425.595 ms
 -> (artifact id: '2ad37d2d3b509a7d1125e39bc15e9f33') in 0.563513 seconds
Number of updated asset objects reloaded before import = 0
Number of asset objects unloaded after import = 16
========================================================================
Received Import Request.
  Time since last request: 0.001711 seconds.
  path: Assets/CatBorg Studio/3D Pirates Lowpoly Pack/Prefabs/01_House_4.prefab
  artifactKey: Guid(3f875203e6580d247a02b6bd3ac8a366) Importer(2089858483,3d70f49cd1c2eb9ae422958d1c652c6b)
Start importing Assets/CatBorg Studio/3D Pirates Lowpoly Pack/Prefabs/01_House_4.prefab using Guid(3f875203e6580d247a02b6bd3ac8a366) Importer(2089858483,3d70f49cd1c2eb9ae422958d1c652c6b)  -> (artifact id: '41d21e51888e6e6b0630bd0de93ea8e5') in 0.085914 seconds
Number of updated asset objects reloaded before import = 0
Number of asset objects unloaded after import = 13
========================================================================
Received Import Request.
  Time since last request: 0.000805 seconds.
  path: Assets/CatBorg Studio/3D Pirates Lowpoly Pack/Prefabs/07_Tavern_Banner.prefab
  artifactKey: Guid(4c3ea90e07e40b4468d424eed7335dfd) Importer(2089858483,3d70f49cd1c2eb9ae422958d1c652c6b)
Start importing Assets/CatBorg Studio/3D Pirates Lowpoly Pack/Prefabs/07_Tavern_Banner.prefab using Guid(4c3ea90e07e40b4468d424eed7335dfd) Importer(2089858483,3d70f49cd1c2eb9ae422958d1c652c6b)  -> (artifact id: '238da153ce938086fea01aa9c8f6b80e') in 0.094546 seconds
Number of updated asset objects reloaded before import = 0
Number of asset objects unloaded after import = 8
========================================================================
Received Import Request.
  Time since last request: 0.003316 seconds.
  path: Assets/CatBorg Studio/3D Pirates Lowpoly Pack/Models/06_MusketShop_Stander_Empty.fbx
  artifactKey: Guid(77cb2320ef26e19479ecf82e7189c900) Importer(2089858483,0ecaa5967403d082aa24f35e1b516d23)
Start importing Assets/CatBorg Studio/3D Pirates Lowpoly Pack/Models/06_MusketShop_Stander_Empty.fbx using Guid(77cb2320ef26e19479ecf82e7189c900) Importer(2089858483,0ecaa5967403d082aa24f35e1b516d23)  -> (artifact id: 'bd00abaae240be24ecfad02399085dea') in 0.062029 seconds
Number of updated asset objects reloaded before import = 0
Number of asset objects unloaded after import = 7
========================================================================
Received Import Request.
  Time since last request: 0.000041 seconds.
  path: Assets/CatBorg Studio/3D Pirates Lowpoly Pack/Prefabs/06_MusketShop_Rifle_2.prefab
  artifactKey: Guid(b72a676fdf113de4ab4e96931bbb8dad) Importer(2089858483,3d70f49cd1c2eb9ae422958d1c652c6b)
Start importing Assets/CatBorg Studio/3D Pirates Lowpoly Pack/Prefabs/06_MusketShop_Rifle_2.prefab using Guid(b72a676fdf113de4ab4e96931bbb8dad) Importer(2089858483,3d70f49cd1c2eb9ae422958d1c652c6b)  -> (artifact id: 'cffeed03495d11f17104c2cb7df14427') in 0.139807 seconds
Number of updated asset objects reloaded before import = 0
Number of asset objects unloaded after import = 8
========================================================================
Received Import Request.
  Time since last request: 0.000049 seconds.
  path: Assets/_TerrainAutoUpgrade/layer_GrassUV01GrassUV01_Nd668f1e20ece139b.terrainlayer
  artifactKey: Guid(4aac8ab504866fb4abb920fecc35110b) Importer(2089858483,0ecaa5967403d082aa24f35e1b516d23)
Start importing Assets/_TerrainAutoUpgrade/layer_GrassUV01GrassUV01_Nd668f1e20ece139b.terrainlayer using Guid(4aac8ab504866fb4abb920fecc35110b) Importer(2089858483,0ecaa5967403d082aa24f35e1b516d23)  -> (artifact id: '5da07fec23e0384642c94bd174fcb266') in 1.375431 seconds
Number of updated asset objects reloaded before import = 0
Number of asset objects unloaded after import = 3
Editor requested this worker to shutdown with reason: balancing worker count downwards
TcpMessagingSession - receive error: operation aborted. errorcode: 995, details: La operación de E/S se anuló por una salida de subproceso o por una solicitud de aplicación.
AssetImportWorker is now disconnected from the server
Process exiting
Exiting without the bug reporter. Application will terminate with return code 0